  [1m[35m (0.3ms)[0m  [1m[35mSET NAMES utf8,  @@SESSION.sql_mode = CONCAT(CONCAT(@@sql_mode, ',STRICT_ALL_TABLES'), ',NO_AUTO_VALUE_ON_ZERO'),  @@SESSION.sql_auto_is_null = 0, @@SESSION.wait_timeout = 2147483[0m
  ↳ /home/huarn/.rvm/gems/ruby-2.3.1@desafio-cumplo/bin/rake:23
  [1m[35m (0.4ms)[0m  [1m[35mCREATE DATABASE `currency_development` DEFAULT CHARACTER SET `utf8`[0m
  ↳ /home/huarn/.rvm/gems/ruby-2.3.1@desafio-cumplo/bin/rake:23
  [1m[35m (0.1ms)[0m  [1m[35mSET NAMES utf8,  @@SESSION.sql_mode = CONCAT(CONCAT(@@sql_mode, ',STRICT_ALL_TABLES'), ',NO_AUTO_VALUE_ON_ZERO'),  @@SESSION.sql_auto_is_null = 0, @@SESSION.wait_timeout = 2147483[0m
  ↳ /home/huarn/.rvm/gems/ruby-2.3.1@desafio-cumplo/bin/rake:23
  [1m[35m (33.1ms)[0m  [1m[35mCREATE DATABASE `currency_test` DEFAULT CHARACTER SET `utf8`[0m
  ↳ /home/huarn/.rvm/gems/ruby-2.3.1@desafio-cumplo/bin/rake:23
Started GET "/" for 127.0.0.1 at 2018-07-12 00:06:25 -0400
  [1m[35m (0.3ms)[0m  [1m[35mSET NAMES utf8,  @@SESSION.sql_mode = CONCAT(CONCAT(@@sql_mode, ',STRICT_ALL_TABLES'), ',NO_AUTO_VALUE_ON_ZERO'),  @@SESSION.sql_auto_is_null = 0, @@SESSION.wait_timeout = 2147483[0m
  ↳ /home/huarn/.rvm/gems/ruby-2.3.1@desafio-cumplo/gems/activerecord-5.2.0/lib/active_record/log_subscriber.rb:98
Processing by Rails::WelcomeController#index as HTML
  Rendering /home/huarn/.rvm/gems/ruby-2.3.1@desafio-cumplo/gems/railties-5.2.0/lib/rails/templates/rails/welcome/index.html.erb
  Rendered /home/huarn/.rvm/gems/ruby-2.3.1@desafio-cumplo/gems/railties-5.2.0/lib/rails/templates/rails/welcome/index.html.erb (3.3ms)
Completed 200 OK in 24ms (Views: 9.9ms | ActiveRecord: 0.0ms)


Started GET "/" for 127.0.0.1 at 2018-07-12 14:32:40 -0400
  [1m[35m (70.0ms)[0m  [1m[35mSET NAMES utf8,  @@SESSION.sql_mode = CONCAT(CONCAT(@@sql_mode, ',STRICT_ALL_TABLES'), ',NO_AUTO_VALUE_ON_ZERO'),  @@SESSION.sql_auto_is_null = 0, @@SESSION.wait_timeout = 2147483[0m
  ↳ /home/huarn/.rvm/gems/ruby-2.3.1@desafio-cumplo/gems/activerecord-5.2.0/lib/active_record/log_subscriber.rb:98
Processing by Rails::WelcomeController#index as HTML
  Rendering /home/huarn/.rvm/gems/ruby-2.3.1@desafio-cumplo/gems/railties-5.2.0/lib/rails/templates/rails/welcome/index.html.erb
  Rendered /home/huarn/.rvm/gems/ruby-2.3.1@desafio-cumplo/gems/railties-5.2.0/lib/rails/templates/rails/welcome/index.html.erb (12.8ms)
Completed 200 OK in 58ms (Views: 19.7ms | ActiveRecord: 0.0ms)


Started GET "/" for 127.0.0.1 at 2018-07-12 15:51:06 -0400
  [1m[35m (12.3ms)[0m  [1m[35mSET NAMES utf8,  @@SESSION.sql_mode = CONCAT(CONCAT(@@sql_mode, ',STRICT_ALL_TABLES'), ',NO_AUTO_VALUE_ON_ZERO'),  @@SESSION.sql_auto_is_null = 0, @@SESSION.wait_timeout = 2147483[0m
  ↳ /home/huarn/.rvm/gems/ruby-2.3.1@desafio-cumplo/gems/activerecord-5.2.0/lib/active_record/log_subscriber.rb:98
  
TypeError (wrong argument type Class (expected Module)):
  
app/controllers/application_controller.rb:1:in `<main>'
app/controllers/home_controller.rb:1:in `<main>'
Started GET "/" for 127.0.0.1 at 2018-07-12 15:54:08 -0400
  [1m[35m (0.3ms)[0m  [1m[35mSET NAMES utf8,  @@SESSION.sql_mode = CONCAT(CONCAT(@@sql_mode, ',STRICT_ALL_TABLES'), ',NO_AUTO_VALUE_ON_ZERO'),  @@SESSION.sql_auto_is_null = 0, @@SESSION.wait_timeout = 2147483[0m
  ↳ /home/huarn/.rvm/gems/ruby-2.3.1@desafio-cumplo/gems/activerecord-5.2.0/lib/active_record/log_subscriber.rb:98
Processing by HomeController#index as HTML
  Rendering home/index.html.erb within layouts/application
  Rendered home/_date_form.html.erb (54.9ms)
  Rendered home/index.html.erb within layouts/application (57.1ms)
Completed 200 OK in 1183ms (Views: 1172.9ms | ActiveRecord: 0.0ms)


Started GET "/home/update?utf8=%E2%9C%93&range%5Bfirst_date%5D=2017-01-01&range%5Bsecond_date%5D=2017-02-01&commit=Aplicar" for 127.0.0.1 at 2018-07-12 15:54:41 -0400
Processing by HomeController#update as HTML
  Parameters: {"utf8"=>"✓", "range"=>{"first_date"=>"2017-01-01", "second_date"=>"2017-02-01"}, "commit"=>"Aplicar"}
Unpermitted parameters: :first_date, :second_date
Completed 500 Internal Server Error in 3ms (ActiveRecord: 0.0ms)


  
NoMethodError (undefined method `to_date' for nil:NilClass
Did you mean?  to_a):
  
app/controllers/home_controller.rb:10:in `update'
Started GET "/" for 127.0.0.1 at 2018-07-12 15:56:27 -0400
Processing by HomeController#index as HTML
  Rendering home/index.html.erb within layouts/application
  Rendered home/_date_form.html.erb (2.2ms)
  Rendered home/index.html.erb within layouts/application (3.4ms)
Completed 200 OK in 17ms (Views: 16.5ms | ActiveRecord: 0.0ms)


Started GET "/home/update?utf8=%E2%9C%93&range%5Bfirst_date%5D=2017-01-01&range%5Bsecond_date%5D=2017-02-01&commit=Aplicar" for 127.0.0.1 at 2018-07-12 15:56:36 -0400
Processing by HomeController#update as HTML
  Parameters: {"utf8"=>"✓", "range"=>{"first_date"=>"2017-01-01", "second_date"=>"2017-02-01"}, "commit"=>"Aplicar"}
Unpermitted parameters: :first_date, :second_date
Completed 500 Internal Server Error in 3ms (ActiveRecord: 0.0ms)


  
NoMethodError (undefined method `to_date' for nil:NilClass
Did you mean?  to_a):
  
app/controllers/home_controller.rb:12:in `update'
Started GET "/" for 127.0.0.1 at 2018-07-12 15:57:07 -0400
Processing by HomeController#index as HTML
  Rendering home/index.html.erb within layouts/application
  Rendered home/_date_form.html.erb (1.1ms)
  Rendered home/index.html.erb within layouts/application (2.0ms)
Completed 200 OK in 22ms (Views: 19.5ms | ActiveRecord: 0.0ms)


Started GET "/" for 127.0.0.1 at 2018-07-12 15:57:40 -0400
Processing by HomeController#index as HTML
  Rendering home/index.html.erb within layouts/application
  Rendered home/_date_form.html.erb (5.0ms)
  Rendered home/index.html.erb within layouts/application (6.7ms)
Completed 200 OK in 30ms (Views: 28.7ms | ActiveRecord: 0.0ms)


Started GET "/" for 127.0.0.1 at 2018-07-12 15:57:53 -0400
Processing by HomeController#index as HTML
  Rendering home/index.html.erb within layouts/application
  Rendered home/_date_form.html.erb (1.6ms)
  Rendered home/index.html.erb within layouts/application (2.5ms)
Completed 200 OK in 41ms (Views: 39.8ms | ActiveRecord: 0.0ms)


Started GET "/" for 127.0.0.1 at 2018-07-12 15:58:00 -0400
Processing by HomeController#index as HTML
  Rendering home/index.html.erb within layouts/application
  Rendered home/_date_form.html.erb (2.1ms)
  Rendered home/index.html.erb within layouts/application (3.5ms)
Completed 200 OK in 31ms (Views: 29.0ms | ActiveRecord: 0.0ms)


Started GET "/" for 127.0.0.1 at 2018-07-12 15:58:52 -0400
Processing by HomeController#index as HTML
  Rendering home/index.html.erb within layouts/application
  Rendered home/_date_form.html.erb (1.6ms)
  Rendered home/index.html.erb within layouts/application (2.8ms)
Completed 200 OK in 27ms (Views: 22.0ms | ActiveRecord: 0.0ms)


Started GET "/home/update?utf8=%E2%9C%93&range%5Bstart_date%5D=2017-01-01&range%5Bend_date%5D=2017-02-01&commit=Aplicar" for 127.0.0.1 at 2018-07-12 15:59:04 -0400
Processing by HomeController#update as HTML
  Parameters: {"utf8"=>"✓", "range"=>{"start_date"=>"2017-01-01", "end_date"=>"2017-02-01"}, "commit"=>"Aplicar"}
Completed 406 Not Acceptable in 19ms (ActiveRecord: 0.0ms)


  
ActionController::UnknownFormat (HomeController#update is missing a template for this request format and variant.

request.formats: ["text/html"]
request.variant: []

NOTE! For XHR/Ajax or API requests, this action would normally respond with 204 No Content: an empty white screen. Since you're loading it in a web browser, we assume that you expected to actually render a template, not nothing, so we're showing an error to be extra-clear. If you expect 204 No Content, carry on. That's what you'll get from an XHR or API request. Give it a shot.):
  
actionpack (5.2.0) lib/action_controller/metal/implicit_render.rb:55:in `default_render'
actionpack (5.2.0) lib/action_controller/metal/basic_implicit_render.rb:6:in `block in send_action'
actionpack (5.2.0) lib/action_controller/metal/basic_implicit_render.rb:6:in `tap'
actionpack (5.2.0) lib/action_controller/metal/basic_implicit_render.rb:6:in `send_action'
actionpack (5.2.0) lib/abstract_controller/base.rb:194:in `process_action'
actionpack (5.2.0) lib/action_controller/metal/rendering.rb:30:in `process_action'
actionpack (5.2.0) lib/abstract_controller/callbacks.rb:42:in `block in process_action'
activesupport (5.2.0) lib/active_support/callbacks.rb:132:in `run_callbacks'
actionpack (5.2.0) lib/abstract_controller/callbacks.rb:41:in `process_action'
actionpack (5.2.0) lib/action_controller/metal/rescue.rb:22:in `process_action'
actionpack (5.2.0) lib/action_controller/metal/instrumentation.rb:34:in `block in process_action'
activesupport (5.2.0) lib/active_support/notifications.rb:168:in `block in instrument'
activesupport (5.2.0) lib/active_support/notifications/instrumenter.rb:23:in `instrument'
activesupport (5.2.0) lib/active_support/notifications.rb:168:in `instrument'
actionpack (5.2.0) lib/action_controller/metal/instrumentation.rb:32:in `process_action'
actionpack (5.2.0) lib/action_controller/metal/params_wrapper.rb:256:in `process_action'
activerecord (5.2.0) lib/active_record/railties/controller_runtime.rb:24:in `process_action'
actionpack (5.2.0) lib/abstract_controller/base.rb:134:in `process'
actionview (5.2.0) lib/action_view/rendering.rb:32:in `process'
actionpack (5.2.0) lib/action_controller/metal.rb:191:in `dispatch'
actionpack (5.2.0) lib/action_controller/metal.rb:252:in `dispatch'
actionpack (5.2.0) lib/action_dispatch/routing/route_set.rb:52:in `dispatch'
actionpack (5.2.0) lib/action_dispatch/routing/route_set.rb:34:in `serve'
actionpack (5.2.0) lib/action_dispatch/journey/router.rb:52:in `block in serve'
actionpack (5.2.0) lib/action_dispatch/journey/router.rb:35:in `each'
actionpack (5.2.0) lib/action_dispatch/journey/router.rb:35:in `serve'
actionpack (5.2.0) lib/action_dispatch/routing/route_set.rb:840:in `call'
rack (2.0.5) lib/rack/tempfile_reaper.rb:15:in `call'
rack (2.0.5) lib/rack/etag.rb:25:in `call'
rack (2.0.5) lib/rack/conditional_get.rb:25:in `call'
rack (2.0.5) lib/rack/head.rb:12:in `call'
actionpack (5.2.0) lib/action_dispatch/http/content_security_policy.rb:18:in `call'
rack (2.0.5) lib/rack/session/abstract/id.rb:232:in `context'
rack (2.0.5) lib/rack/session/abstract/id.rb:226:in `call'
actionpack (5.2.0) lib/action_dispatch/middleware/cookies.rb:670:in `call'
activerecord (5.2.0) lib/active_record/migration.rb:559:in `call'
actionpack (5.2.0) lib/action_dispatch/middleware/callbacks.rb:28:in `block in call'
activesupport (5.2.0) lib/active_support/callbacks.rb:98:in `run_callbacks'
actionpack (5.2.0) lib/action_dispatch/middleware/callbacks.rb:26:in `call'
actionpack (5.2.0) lib/action_dispatch/middleware/executor.rb:14:in `call'
actionpack (5.2.0) lib/action_dispatch/middleware/debug_exceptions.rb:61:in `call'
web-console (3.6.2) lib/web_console/middleware.rb:135:in `call_app'
web-console (3.6.2) lib/web_console/middleware.rb:30:in `block in call'
web-console (3.6.2) lib/web_console/middleware.rb:20:in `catch'
web-console (3.6.2) lib/web_console/middleware.rb:20:in `call'
actionpack (5.2.0) lib/action_dispatch/middleware/show_exceptions.rb:33:in `call'
railties (5.2.0) lib/rails/rack/logger.rb:38:in `call_app'
railties (5.2.0) lib/rails/rack/logger.rb:26:in `block in call'
activesupport (5.2.0) lib/active_support/tagged_logging.rb:71:in `block in tagged'
activesupport (5.2.0) lib/active_support/tagged_logging.rb:28:in `tagged'
activesupport (5.2.0) lib/active_support/tagged_logging.rb:71:in `tagged'
railties (5.2.0) lib/rails/rack/logger.rb:26:in `call'
sprockets-rails (3.2.1) lib/sprockets/rails/quiet_assets.rb:13:in `call'
actionpack (5.2.0) lib/action_dispatch/middleware/remote_ip.rb:81:in `call'
actionpack (5.2.0) lib/action_dispatch/middleware/request_id.rb:27:in `call'
rack (2.0.5) lib/rack/method_override.rb:22:in `call'
rack (2.0.5) lib/rack/runtime.rb:22:in `call'
activesupport (5.2.0) lib/active_support/cache/strategy/local_cache_middleware.rb:29:in `call'
actionpack (5.2.0) lib/action_dispatch/middleware/executor.rb:14:in `call'
actionpack (5.2.0) lib/action_dispatch/middleware/static.rb:127:in `call'
rack (2.0.5) lib/rack/sendfile.rb:111:in `call'
railties (5.2.0) lib/rails/engine.rb:524:in `call'
puma (3.11.4) lib/puma/configuration.rb:225:in `call'
puma (3.11.4) lib/puma/server.rb:632:in `handle_request'
puma (3.11.4) lib/puma/server.rb:446:in `process_client'
puma (3.11.4) lib/puma/server.rb:306:in `block in run'
puma (3.11.4) lib/puma/thread_pool.rb:120:in `block in spawn_thread'
Started GET "/" for 127.0.0.1 at 2018-07-12 16:00:26 -0400
Processing by HomeController#index as HTML
  Rendering home/index.html.erb within layouts/application
  Rendered home/_date_form.html.erb (4.6ms)
  Rendered home/index.html.erb within layouts/application (11.8ms)
Completed 200 OK in 54ms (Views: 52.8ms | ActiveRecord: 0.0ms)


Started GET "/home/update?utf8=%E2%9C%93&range%5Bstart_date%5D=2017-01-01&range%5Bend_date%5D=2017-02-01&commit=Aplicar" for 127.0.0.1 at 2018-07-12 16:00:31 -0400
Processing by HomeController#update as HTML
  Parameters: {"utf8"=>"✓", "range"=>{"start_date"=>"2017-01-01", "end_date"=>"2017-02-01"}, "commit"=>"Aplicar"}
Redirected to http://localhost:3000/
Completed 302 Found in 1ms (ActiveRecord: 0.0ms)


Started GET "/" for 127.0.0.1 at 2018-07-12 16:00:31 -0400
Processing by HomeController#index as HTML
  Rendering home/index.html.erb within layouts/application
  Rendered home/_date_form.html.erb (1.5ms)
  Rendered home/index.html.erb within layouts/application (2.7ms)
Completed 200 OK in 38ms (Views: 36.9ms | ActiveRecord: 0.0ms)


Started GET "/home/update?utf8=%E2%9C%93&range%5Bstart_date%5D=2017-01-01&range%5Bend_date%5D=2017-02-01&commit=Aplicar" for 127.0.0.1 at 2018-07-12 16:00:36 -0400
Processing by HomeController#update as HTML
  Parameters: {"utf8"=>"✓", "range"=>{"start_date"=>"2017-01-01", "end_date"=>"2017-02-01"}, "commit"=>"Aplicar"}
Redirected to http://localhost:3000/
Completed 302 Found in 1ms (ActiveRecord: 0.0ms)


Started GET "/" for 127.0.0.1 at 2018-07-12 16:00:36 -0400
Processing by HomeController#index as HTML
  Rendering home/index.html.erb within layouts/application
  Rendered home/_date_form.html.erb (2.2ms)
  Rendered home/index.html.erb within layouts/application (3.5ms)
Completed 200 OK in 46ms (Views: 45.1ms | ActiveRecord: 0.0ms)


Started GET "/" for 127.0.0.1 at 2018-07-12 16:01:52 -0400
Processing by HomeController#index as HTML
  Rendering home/index.html.erb within layouts/application
  Rendered home/_date_form.html.erb (3.8ms)
  Rendered home/index.html.erb within layouts/application (5.9ms)
Completed 200 OK in 28ms (Views: 27.4ms | ActiveRecord: 0.0ms)


Started GET "/home/update?utf8=%E2%9C%93&range%5Bstart_date%5D=2017-01-01&range%5Bend_date%5D=2017-02-01&commit=Aplicar" for 127.0.0.1 at 2018-07-12 16:01:57 -0400
Processing by HomeController#update as HTML
  Parameters: {"utf8"=>"✓", "range"=>{"start_date"=>"2017-01-01", "end_date"=>"2017-02-01"}, "commit"=>"Aplicar"}
Redirected to http://localhost:3000/
Completed 302 Found in 3ms (ActiveRecord: 0.0ms)


Started GET "/" for 127.0.0.1 at 2018-07-12 16:01:57 -0400
Processing by HomeController#index as HTML
  Rendering home/index.html.erb within layouts/application
  Rendered home/_date_form.html.erb (2.7ms)
  Rendered home/index.html.erb within layouts/application (3.6ms)
Completed 200 OK in 25ms (Views: 23.2ms | ActiveRecord: 0.0ms)


Started GET "/" for 127.0.0.1 at 2018-07-12 16:04:17 -0400
Processing by HomeController#index as HTML
Completed 400 Bad Request in 1ms (ActiveRecord: 0.0ms)


  
ActionController::ParameterMissing (param is missing or the value is empty: range):
  
app/controllers/home_controller.rb:9:in `set_params'
app/controllers/home_controller.rb:3:in `index'
Started GET "/" for 127.0.0.1 at 2018-07-12 16:04:32 -0400
Processing by HomeController#index as HTML
  Rendering home/index.html.erb within layouts/application
  Rendered home/_date_form.html.erb (4.2ms)
  Rendered home/index.html.erb within layouts/application (6.4ms)
Completed 200 OK in 27ms (Views: 25.9ms | ActiveRecord: 0.0ms)


Started GET "/home/update?utf8=%E2%9C%93&range%5Bstart_date%5D=2017-01-01&range%5Bend_date%5D=2017-02-01&commit=Aplicar" for 127.0.0.1 at 2018-07-12 16:04:37 -0400
Processing by HomeController#update as HTML
  Parameters: {"utf8"=>"✓", "range"=>{"start_date"=>"2017-01-01", "end_date"=>"2017-02-01"}, "commit"=>"Aplicar"}
Completed 500 Internal Server Error in 2ms (ActiveRecord: 0.0ms)


  
ActionView::MissingTemplate (Missing template home/root, application/root with {:locale=>[:en], :formats=>[:html], :variants=>[], :handlers=>[:raw, :erb, :html, :builder, :ruby, :coffee, :jbuilder]}. Searched in:
  * "/home/huarn/cumplo/desafio/currency-app/app/views"
):
  
app/controllers/home_controller.rb:14:in `update'
Started GET "/" for 127.0.0.1 at 2018-07-12 16:04:50 -0400
Processing by HomeController#index as HTML
  Rendering home/index.html.erb within layouts/application
  Rendered home/_date_form.html.erb (1.2ms)
  Rendered home/index.html.erb within layouts/application (2.0ms)
Completed 200 OK in 19ms (Views: 16.4ms | ActiveRecord: 0.0ms)


Started GET "/home/update?utf8=%E2%9C%93&range%5Bstart_date%5D=2017-01-01&range%5Bend_date%5D=2017-02-01&commit=Aplicar" for 127.0.0.1 at 2018-07-12 16:04:53 -0400
Processing by HomeController#update as HTML
  Parameters: {"utf8"=>"✓", "range"=>{"start_date"=>"2017-01-01", "end_date"=>"2017-02-01"}, "commit"=>"Aplicar"}
  Rendering home/index.html.erb within layouts/application
  Rendered home/_date_form.html.erb (3.4ms)
  Rendered home/index.html.erb within layouts/application (5.2ms)
Completed 200 OK in 23ms (Views: 21.8ms | ActiveRecord: 0.0ms)


Started GET "/home/update?utf8=%E2%9C%93&range%5Bstart_date%5D=2017-01-01&range%5Bend_date%5D=2017-02-01&commit=Aplicar" for 127.0.0.1 at 2018-07-12 16:04:57 -0400
Processing by HomeController#update as HTML
  Parameters: {"utf8"=>"✓", "range"=>{"start_date"=>"2017-01-01", "end_date"=>"2017-02-01"}, "commit"=>"Aplicar"}
  Rendering home/index.html.erb within layouts/application
  Rendered home/_date_form.html.erb (3.8ms)
  Rendered home/index.html.erb within layouts/application (5.4ms)
Completed 200 OK in 21ms (Views: 20.4ms | ActiveRecord: 0.0ms)


Started GET "/home/update?utf8=%E2%9C%93&range%5Bstart_date%5D=2017-01-10&range%5Bend_date%5D=2017-02-01&commit=Aplicar" for 127.0.0.1 at 2018-07-12 16:05:03 -0400
Processing by HomeController#update as HTML
  Parameters: {"utf8"=>"✓", "range"=>{"start_date"=>"2017-01-10", "end_date"=>"2017-02-01"}, "commit"=>"Aplicar"}
  Rendering home/index.html.erb within layouts/application
  Rendered home/_date_form.html.erb (1.2ms)
  Rendered home/index.html.erb within layouts/application (2.2ms)
Completed 200 OK in 20ms (Views: 19.4ms | ActiveRecord: 0.0ms)


Started GET "/home/update?utf8=%E2%9C%93&range%5Bstart_date%5D=2017-01-10&range%5Bend_date%5D=2017-02-01&commit=Aplicar" for 127.0.0.1 at 2018-07-12 16:05:55 -0400
Processing by HomeController#update as HTML
  Parameters: {"utf8"=>"✓", "range"=>{"start_date"=>"2017-01-10", "end_date"=>"2017-02-01"}, "commit"=>"Aplicar"}
  Rendering home/index.html.erb within layouts/application
  Rendered home/_date_form.html.erb (0.9ms)
  Rendered home/index.html.erb within layouts/application (1.9ms)
Completed 200 OK in 29ms (Views: 27.5ms | ActiveRecord: 0.0ms)


Started GET "/home/update?utf8=%E2%9C%93&range%5Bstart_date%5D=2017-01-10&range%5Bend_date%5D=2017-02-01&commit=Aplicar" for 127.0.0.1 at 2018-07-12 16:08:53 -0400
  [1m[35m (0.2ms)[0m  [1m[35mSET NAMES utf8,  @@SESSION.sql_mode = CONCAT(CONCAT(@@sql_mode, ',STRICT_ALL_TABLES'), ',NO_AUTO_VALUE_ON_ZERO'),  @@SESSION.sql_auto_is_null = 0, @@SESSION.wait_timeout = 2147483[0m
  ↳ /home/huarn/.rvm/gems/ruby-2.3.1@desafio-cumplo/gems/activerecord-5.2.0/lib/active_record/log_subscriber.rb:98
Processing by HomeController#update as HTML
  Parameters: {"utf8"=>"✓", "range"=>{"start_date"=>"2017-01-10", "end_date"=>"2017-02-01"}, "commit"=>"Aplicar"}
  Rendering home/index.html.erb within layouts/application
  Rendered home/_date_form.html.erb (3.1ms)
  Rendered home/index.html.erb within layouts/application (4.5ms)
Completed 200 OK in 862ms (Views: 853.9ms | ActiveRecord: 0.0ms)


Started GET "/home/update?utf8=%E2%9C%93&range%5Bstart_date%5D=2017-01-10&range%5Bend_date%5D=2017-02-01&commit=Aplicar" for 127.0.0.1 at 2018-07-12 16:09:57 -0400
Processing by HomeController#update as HTML
  Parameters: {"utf8"=>"✓", "range"=>{"start_date"=>"2017-01-10", "end_date"=>"2017-02-01"}, "commit"=>"Aplicar"}
  Rendering home/index.html.erb within layouts/application
  Rendered home/_date_form.html.erb (1.1ms)
  Rendered home/index.html.erb within layouts/application (2.6ms)
Completed 200 OK in 187ms (Views: 185.4ms | ActiveRecord: 0.0ms)


Started GET "/home/update?utf8=%E2%9C%93&range%5Bstart_date%5D=2017-01-10&range%5Bend_date%5D=2017-02-01&commit=Aplicar" for 127.0.0.1 at 2018-07-12 16:10:20 -0400
Processing by HomeController#update as HTML
  Parameters: {"utf8"=>"✓", "range"=>{"start_date"=>"2017-01-10", "end_date"=>"2017-02-01"}, "commit"=>"Aplicar"}
  Rendering home/index.html.erb within layouts/application
  Rendered home/_date_form.html.erb (1.3ms)
  Rendered home/index.html.erb within layouts/application (2.6ms)
Completed 200 OK in 160ms (Views: 159.5ms | ActiveRecord: 0.0ms)


Started GET "/home/update?utf8=%E2%9C%93&range%5Bstart_date%5D=2017-01-10&range%5Bend_date%5D=2017-02-01&commit=Aplicar" for 127.0.0.1 at 2018-07-12 16:11:07 -0400
Processing by HomeController#update as HTML
  Parameters: {"utf8"=>"✓", "range"=>{"start_date"=>"2017-01-10", "end_date"=>"2017-02-01"}, "commit"=>"Aplicar"}
  Rendering home/index.html.erb within layouts/application
  Rendered home/_date_form.html.erb (0.8ms)
  Rendered home/index.html.erb within layouts/application (1.7ms)
Completed 200 OK in 150ms (Views: 149.0ms | ActiveRecord: 0.0ms)


Started GET "/home/update?utf8=%E2%9C%93&range%5Bstart_date%5D=2017-01-10&range%5Bend_date%5D=2017-02-01&commit=Aplicar" for 127.0.0.1 at 2018-07-12 16:11:29 -0400
Processing by HomeController#update as HTML
  Parameters: {"utf8"=>"✓", "range"=>{"start_date"=>"2017-01-10", "end_date"=>"2017-02-01"}, "commit"=>"Aplicar"}
  Rendering home/index.html.erb within layouts/application
  Rendered home/_date_form.html.erb (1.9ms)
  Rendered home/index.html.erb within layouts/application (3.1ms)
Completed 200 OK in 184ms (Views: 183.4ms | ActiveRecord: 0.0ms)


Started GET "/home/update?utf8=%E2%9C%93&range%5Bstart_date%5D=2017-01-10&range%5Bend_date%5D=2017-02-01&commit=Aplicar" for 127.0.0.1 at 2018-07-12 16:11:32 -0400
Processing by HomeController#update as HTML
  Parameters: {"utf8"=>"✓", "range"=>{"start_date"=>"2017-01-10", "end_date"=>"2017-02-01"}, "commit"=>"Aplicar"}
  Rendering home/index.html.erb within layouts/application
  Rendered home/_date_form.html.erb (1.0ms)
  Rendered home/index.html.erb within layouts/application (2.1ms)
Completed 200 OK in 139ms (Views: 137.9ms | ActiveRecord: 0.0ms)


Started GET "/home/update?utf8=%E2%9C%93&range%5Bstart_date%5D=2017-01-10&range%5Bend_date%5D=2017-02-01&commit=Aplicar" for 127.0.0.1 at 2018-07-12 16:11:42 -0400
  [1m[35m (0.2ms)[0m  [1m[35mSET NAMES utf8,  @@SESSION.sql_mode = CONCAT(CONCAT(@@sql_mode, ',STRICT_ALL_TABLES'), ',NO_AUTO_VALUE_ON_ZERO'),  @@SESSION.sql_auto_is_null = 0, @@SESSION.wait_timeout = 2147483[0m
  ↳ /home/huarn/.rvm/gems/ruby-2.3.1@desafio-cumplo/gems/activerecord-5.2.0/lib/active_record/log_subscriber.rb:98
Processing by HomeController#update as HTML
  Parameters: {"utf8"=>"✓", "range"=>{"start_date"=>"2017-01-10", "end_date"=>"2017-02-01"}, "commit"=>"Aplicar"}
  Rendering home/index.html.erb within layouts/application
  Rendered home/_date_form.html.erb (5.0ms)
  Rendered home/index.html.erb within layouts/application (6.3ms)
Completed 200 OK in 463ms (Views: 455.8ms | ActiveRecord: 0.0ms)


Started GET "/home/update?utf8=%E2%9C%93&range%5Bstart_date%5D=2017-01-10&range%5Bend_date%5D=2017-02-01&commit=Aplicar" for 127.0.0.1 at 2018-07-12 16:12:26 -0400
  [1m[35m (1.0ms)[0m  [1m[35mSET NAMES utf8,  @@SESSION.sql_mode = CONCAT(CONCAT(@@sql_mode, ',STRICT_ALL_TABLES'), ',NO_AUTO_VALUE_ON_ZERO'),  @@SESSION.sql_auto_is_null = 0, @@SESSION.wait_timeout = 2147483[0m
  ↳ /home/huarn/.rvm/gems/ruby-2.3.1@desafio-cumplo/gems/activerecord-5.2.0/lib/active_record/log_subscriber.rb:98
Processing by HomeController#update as HTML
  Parameters: {"utf8"=>"✓", "range"=>{"start_date"=>"2017-01-10", "end_date"=>"2017-02-01"}, "commit"=>"Aplicar"}
  Rendering home/index.html.erb within layouts/application
  Rendered home/_date_form.html.erb (3.1ms)
  Rendered home/index.html.erb within layouts/application (4.4ms)
Completed 200 OK in 596ms (Views: 586.8ms | ActiveRecord: 0.0ms)


Started GET "/home/update?utf8=%E2%9C%93&range%5Bstart_date%5D=2017-01-10&range%5Bend_date%5D=2017-02-01&commit=Aplicar" for 127.0.0.1 at 2018-07-12 16:13:37 -0400
  [1m[35m (0.2ms)[0m  [1m[35mSET NAMES utf8,  @@SESSION.sql_mode = CONCAT(CONCAT(@@sql_mode, ',STRICT_ALL_TABLES'), ',NO_AUTO_VALUE_ON_ZERO'),  @@SESSION.sql_auto_is_null = 0, @@SESSION.wait_timeout = 2147483[0m
  ↳ /home/huarn/.rvm/gems/ruby-2.3.1@desafio-cumplo/gems/activerecord-5.2.0/lib/active_record/log_subscriber.rb:98
Processing by HomeController#update as HTML
  Parameters: {"utf8"=>"✓", "range"=>{"start_date"=>"2017-01-10", "end_date"=>"2017-02-01"}, "commit"=>"Aplicar"}
  Rendering home/index.html.erb within layouts/application
  Rendered home/_date_form.html.erb (4.3ms)
  Rendered home/index.html.erb within layouts/application (5.6ms)
Completed 200 OK in 2895ms (Views: 2886.8ms | ActiveRecord: 0.0ms)


Started GET "/home/update?utf8=%E2%9C%93&range%5Bstart_date%5D=2017-01-10&range%5Bend_date%5D=2017-02-01&commit=Aplicar" for 127.0.0.1 at 2018-07-12 16:16:32 -0400
  [1m[35m (0.3ms)[0m  [1m[35mSET NAMES utf8,  @@SESSION.sql_mode = CONCAT(CONCAT(@@sql_mode, ',STRICT_ALL_TABLES'), ',NO_AUTO_VALUE_ON_ZERO'),  @@SESSION.sql_auto_is_null = 0, @@SESSION.wait_timeout = 2147483[0m
  ↳ /home/huarn/.rvm/gems/ruby-2.3.1@desafio-cumplo/gems/activerecord-5.2.0/lib/active_record/log_subscriber.rb:98
Processing by HomeController#update as HTML
  Parameters: {"utf8"=>"✓", "range"=>{"start_date"=>"2017-01-10", "end_date"=>"2017-02-01"}, "commit"=>"Aplicar"}
  Rendering home/index.html.erb within layouts/application
  Rendered home/_date_form.html.erb (4.3ms)
  Rendered home/index.html.erb within layouts/application (6.9ms)
Completed 200 OK in 6334ms (Views: 6326.5ms | ActiveRecord: 0.0ms)


Started GET "/home/update?utf8=%E2%9C%93&range%5Bstart_date%5D=07%2F24%2F2018&range%5Bend_date%5D=07%2F04%2F2018&commit=Aplicar" for 127.0.0.1 at 2018-07-12 16:16:51 -0400
Processing by HomeController#update as HTML
  Parameters: {"utf8"=>"✓", "range"=>{"start_date"=>"07/24/2018", "end_date"=>"07/04/2018"}, "commit"=>"Aplicar"}
Completed 500 Internal Server Error in 4ms (ActiveRecord: 0.0ms)


  
ArgumentError (invalid date):
  
app/controllers/home_controller.rb:12:in `update'
Started GET "/home/update?utf8=%E2%9C%93&range%5Bstart_date%5D=07%2F24%2F2018&range%5Bend_date%5D=07%2F04%2F2018&commit=Aplicar" for 127.0.0.1 at 2018-07-12 16:16:58 -0400
Processing by HomeController#update as HTML
  Parameters: {"utf8"=>"✓", "range"=>{"start_date"=>"07/24/2018", "end_date"=>"07/04/2018"}, "commit"=>"Aplicar"}
Completed 500 Internal Server Error in 1ms (ActiveRecord: 0.0ms)


  
ArgumentError (invalid date):
  
app/controllers/home_controller.rb:12:in `update'
Started GET "/home/update?utf8=%E2%9C%93&range%5Bstart_date%5D=2017-01-10&range%5Bend_date%5D=2017-02-01&commit=Aplicar" for 127.0.0.1 at 2018-07-12 16:17:15 -0400
Processing by HomeController#update as HTML
  Parameters: {"utf8"=>"✓", "range"=>{"start_date"=>"2017-01-10", "end_date"=>"2017-02-01"}, "commit"=>"Aplicar"}
  Rendering home/index.html.erb within layouts/application
  Rendered home/_date_form.html.erb (1.1ms)
  Rendered home/index.html.erb within layouts/application (2.1ms)
Completed 200 OK in 197ms (Views: 196.6ms | ActiveRecord: 0.0ms)


Started GET "/home/update?utf8=%E2%9C%93&range%5Bstart_date%5D=07%2F03%2F2018&range%5Bend_date%5D=07%2F17%2F2018&commit=Aplicar" for 127.0.0.1 at 2018-07-12 16:17:20 -0400
Processing by HomeController#update as HTML
  Parameters: {"utf8"=>"✓", "range"=>{"start_date"=>"07/03/2018", "end_date"=>"07/17/2018"}, "commit"=>"Aplicar"}
  Rendering home/index.html.erb within layouts/application
  Rendered home/_date_form.html.erb (4.8ms)
  Rendered home/index.html.erb within layouts/application (7.7ms)
Completed 200 OK in 184ms (Views: 182.5ms | ActiveRecord: 0.0ms)


Started GET "/home/update?utf8=%E2%9C%93&range%5Bstart_date%5D=07%2F02%2F2018&range%5Bend_date%5D=07%2F19%2F2018&commit=Aplicar" for 127.0.0.1 at 2018-07-12 16:17:34 -0400
Processing by HomeController#update as HTML
  Parameters: {"utf8"=>"✓", "range"=>{"start_date"=>"07/02/2018", "end_date"=>"07/19/2018"}, "commit"=>"Aplicar"}
Completed 500 Internal Server Error in 9ms (ActiveRecord: 0.0ms)


  
NoMethodError (undefined method `day' for "07/02/2018":String):
  
app/controllers/home_controller.rb:12:in `update'
Started GET "/home/update?utf8=%E2%9C%93&range%5Bstart_date%5D=07%2F03%2F2018&range%5Bend_date%5D=07%2F17%2F2018&commit=Aplicar" for 127.0.0.1 at 2018-07-12 16:18:16 -0400
Processing by HomeController#update as HTML
  Parameters: {"utf8"=>"✓", "range"=>{"start_date"=>"07/03/2018", "end_date"=>"07/17/2018"}, "commit"=>"Aplicar"}
Completed 500 Internal Server Error in 3ms (ActiveRecord: 0.0ms)


  
NoMethodError (undefined method `from' for Date:Class):
  
app/controllers/home_controller.rb:12:in `update'
Started GET "/home/update?utf8=%E2%9C%93&range%5Bstart_date%5D=2017-01-10&range%5Bend_date%5D=2017-02-01&commit=Aplicar" for 127.0.0.1 at 2018-07-12 16:18:18 -0400
Processing by HomeController#update as HTML
  Parameters: {"utf8"=>"✓", "range"=>{"start_date"=>"2017-01-10", "end_date"=>"2017-02-01"}, "commit"=>"Aplicar"}
Completed 500 Internal Server Error in 3ms (ActiveRecord: 0.0ms)


  
NoMethodError (undefined method `from' for Date:Class):
  
app/controllers/home_controller.rb:12:in `update'
Started GET "/home/update?utf8=%E2%9C%93&range%5Bstart_date%5D=2017-01-01&range%5Bend_date%5D=2017-02-01&commit=Aplicar" for 127.0.0.1 at 2018-07-12 16:20:20 -0400
Processing by HomeController#update as HTML
  Parameters: {"utf8"=>"✓", "range"=>{"start_date"=>"2017-01-01", "end_date"=>"2017-02-01"}, "commit"=>"Aplicar"}
Completed 500 Internal Server Error in 4ms (ActiveRecord: 0.0ms)


  
NoMethodError (undefined method `from' for Date:Class):
  
app/controllers/home_controller.rb:12:in `update'
Started GET "/" for 127.0.0.1 at 2018-07-12 16:20:23 -0400
Processing by HomeController#index as HTML
  Rendering home/index.html.erb within layouts/application
  Rendered home/_date_form.html.erb (2.8ms)
  Rendered home/index.html.erb within layouts/application (5.1ms)
Completed 500 Internal Server Error in 27ms (ActiveRecord: 0.0ms)


  
ActionView::Template::Error (File to import not found or unreadable: bootstrap-responsive.
Load paths:
  /home/huarn/cumplo/desafio/currency-app/app/assets/config
  /home/huarn/cumplo/desafio/currency-app/app/assets/images
  /home/huarn/cumplo/desafio/currency-app/app/assets/javascripts
  /home/huarn/cumplo/desafio/currency-app/app/assets/stylesheets
  /home/huarn/.rvm/gems/ruby-2.3.1@desafio-cumplo/gems/coffee-rails-4.2.2/lib/assets/javascripts
  /home/huarn/.rvm/gems/ruby-2.3.1@desafio-cumplo/gems/bootstrap-datepicker-rails-1.8.0.1/vendor/assets/javascripts
  /home/huarn/.rvm/gems/ruby-2.3.1@desafio-cumplo/gems/bootstrap-datepicker-rails-1.8.0.1/vendor/assets/stylesheets
  /home/huarn/.rvm/gems/ruby-2.3.1@desafio-cumplo/gems/jquery-rails-4.3.3/vendor/assets/javascripts
  /home/huarn/.rvm/gems/ruby-2.3.1@desafio-cumplo/gems/actioncable-5.2.0/lib/assets/compiled
  /home/huarn/.rvm/gems/ruby-2.3.1@desafio-cumplo/gems/activestorage-5.2.0/app/assets/javascripts
  /home/huarn/.rvm/gems/ruby-2.3.1@desafio-cumplo/gems/actionview-5.2.0/lib/assets/compiled
  /home/huarn/.rvm/gems/ruby-2.3.1@desafio-cumplo/gems/turbolinks-source-5.1.0/lib/assets/javascripts
  /home/huarn/cumplo/desafio/currency-app/node_modules
  /home/huarn/.rvm/gems/ruby-2.3.1@desafio-cumplo/gems/popper_js-1.12.9/assets/javascripts
  /home/huarn/.rvm/gems/ruby-2.3.1@desafio-cumplo/gems/bootstrap-4.1.1/assets/stylesheets
  /home/huarn/.rvm/gems/ruby-2.3.1@desafio-cumplo/gems/bootstrap-4.1.1/assets/javascripts
  /home/huarn/.rvm/gems/ruby-2.3.1@desafio-cumplo/gems/bootstrap-4.1.1/assets/stylesheets):
     5:     <%= csrf_meta_tags %>
     6:     <%= csp_meta_tag %>
     7: 
     8:     <%= stylesheet_link_tag    'application', media: 'all', 'data-turbolinks-track': 'reload' %>
     9:     <%= javascript_include_tag 'application', 'data-turbolinks-track': 'reload' %>
    10:   </head>
    11: 
  
app/assets/stylesheets/application.scss:19
app/views/layouts/application.html.erb:8:in `_app_views_layouts_application_html_erb___2604584577259420818_70076052450240'
Started GET "/" for 127.0.0.1 at 2018-07-12 16:21:14 -0400
Processing by HomeController#index as HTML
  Rendering home/index.html.erb within layouts/application
  Rendered home/_date_form.html.erb (0.7ms)
  Rendered home/index.html.erb within layouts/application (1.7ms)
Completed 200 OK in 242ms (Views: 237.5ms | ActiveRecord: 0.0ms)


Started GET "/" for 127.0.0.1 at 2018-07-12 16:21:24 -0400
  [1m[35m (0.2ms)[0m  [1m[35mSET NAMES utf8,  @@SESSION.sql_mode = CONCAT(CONCAT(@@sql_mode, ',STRICT_ALL_TABLES'), ',NO_AUTO_VALUE_ON_ZERO'),  @@SESSION.sql_auto_is_null = 0, @@SESSION.wait_timeout = 2147483[0m
  ↳ /home/huarn/.rvm/gems/ruby-2.3.1@desafio-cumplo/gems/activerecord-5.2.0/lib/active_record/log_subscriber.rb:98
Processing by HomeController#index as HTML
  Rendering home/index.html.erb within layouts/application
  Rendered home/_date_form.html.erb (2.6ms)
  Rendered home/index.html.erb within layouts/application (4.2ms)
Completed 200 OK in 632ms (Views: 623.3ms | ActiveRecord: 0.0ms)


Started GET "/home/update?utf8=%E2%9C%93&range%5Bstart_date%5D=07%2F04%2F2018&range%5Bend_date%5D=07%2F25%2F2018&commit=Aplicar" for 127.0.0.1 at 2018-07-12 16:21:29 -0400
  [1m[35m (0.2ms)[0m  [1m[35mSET NAMES utf8,  @@SESSION.sql_mode = CONCAT(CONCAT(@@sql_mode, ',STRICT_ALL_TABLES'), ',NO_AUTO_VALUE_ON_ZERO'),  @@SESSION.sql_auto_is_null = 0, @@SESSION.wait_timeout = 2147483[0m
  ↳ /home/huarn/.rvm/gems/ruby-2.3.1@desafio-cumplo/gems/activerecord-5.2.0/lib/active_record/log_subscriber.rb:98
Processing by HomeController#update as HTML
  Parameters: {"utf8"=>"✓", "range"=>{"start_date"=>"07/04/2018", "end_date"=>"07/25/2018"}, "commit"=>"Aplicar"}
Completed 500 Internal Server Error in 7ms (ActiveRecord: 0.0ms)


  
NoMethodError (undefined method `from' for Date:Class):
  
app/controllers/home_controller.rb:12:in `update'
Started GET "/" for 127.0.0.1 at 2018-07-12 16:22:16 -0400
Processing by HomeController#index as HTML
  Rendering home/index.html.erb within layouts/application
  Rendered home/_date_form.html.erb (6.1ms)
  Rendered home/index.html.erb within layouts/application (8.7ms)
Completed 200 OK in 260ms (Views: 257.6ms | ActiveRecord: 0.0ms)


Started GET "/home/update?utf8=%E2%9C%93&range%5Bstart_date%5D=07%2F03%2F2018&range%5Bend_date%5D=07%2F06%2F2018&commit=Aplicar" for 127.0.0.1 at 2018-07-12 16:22:33 -0400
Processing by HomeController#update as HTML
  Parameters: {"utf8"=>"✓", "range"=>{"start_date"=>"07/03/2018", "end_date"=>"07/06/2018"}, "commit"=>"Aplicar"}
  Rendering home/index.html.erb within layouts/application
  Rendered home/_date_form.html.erb (1.5ms)
  Rendered home/index.html.erb within layouts/application (3.0ms)
Completed 200 OK in 145ms (Views: 143.8ms | ActiveRecord: 0.0ms)


Started GET "/home/update?utf8=%E2%9C%93&range%5Bstart_date%5D=07%2F31%2F2018&range%5Bend_date%5D=08%2F03%2F2018&commit=Aplicar" for 127.0.0.1 at 2018-07-12 16:22:42 -0400
Processing by HomeController#update as HTML
  Parameters: {"utf8"=>"✓", "range"=>{"start_date"=>"07/31/2018", "end_date"=>"08/03/2018"}, "commit"=>"Aplicar"}
Completed 500 Internal Server Error in 1ms (ActiveRecord: 0.0ms)


  
ArgumentError (invalid date):
  
app/controllers/home_controller.rb:12:in `update'
Started GET "/home/update?utf8=%E2%9C%93&range%5Bstart_date%5D=07%2F03%2F2018&range%5Bend_date%5D=07%2F06%2F2018&commit=Aplicar" for 127.0.0.1 at 2018-07-12 16:29:17 -0400
  [1m[35m (0.5ms)[0m  [1m[35mSET NAMES utf8,  @@SESSION.sql_mode = CONCAT(CONCAT(@@sql_mode, ',STRICT_ALL_TABLES'), ',NO_AUTO_VALUE_ON_ZERO'),  @@SESSION.sql_auto_is_null = 0, @@SESSION.wait_timeout = 2147483[0m
  ↳ /home/huarn/.rvm/gems/ruby-2.3.1@desafio-cumplo/gems/activerecord-5.2.0/lib/active_record/log_subscriber.rb:98
Processing by HomeController#update as HTML
  Parameters: {"utf8"=>"✓", "range"=>{"start_date"=>"07/03/2018", "end_date"=>"07/06/2018"}, "commit"=>"Aplicar"}
  Rendering home/index.html.erb within layouts/application
  Rendered home/_date_form.html.erb (3.8ms)
  Rendered home/index.html.erb within layouts/application (5.0ms)
Completed 200 OK in 457ms (Views: 449.2ms | ActiveRecord: 0.0ms)


Started GET "/home/update?utf8=%E2%9C%93&range%5Bstart_date%5D=07%2F03%2F2018&range%5Bend_date%5D=07%2F06%2F2018&commit=Aplicar" for 127.0.0.1 at 2018-07-12 16:29:24 -0400
  [1m[35m (0.3ms)[0m  [1m[35mSET NAMES utf8,  @@SESSION.sql_mode = CONCAT(CONCAT(@@sql_mode, ',STRICT_ALL_TABLES'), ',NO_AUTO_VALUE_ON_ZERO'),  @@SESSION.sql_auto_is_null = 0, @@SESSION.wait_timeout = 2147483[0m
  ↳ /home/huarn/.rvm/gems/ruby-2.3.1@desafio-cumplo/gems/activerecord-5.2.0/lib/active_record/log_subscriber.rb:98
Processing by HomeController#update as HTML
  Parameters: {"utf8"=>"✓", "range"=>{"start_date"=>"07/03/2018", "end_date"=>"07/06/2018"}, "commit"=>"Aplicar"}
  Rendering home/index.html.erb within layouts/application
  Rendered home/_date_form.html.erb (2.0ms)
  Rendered home/index.html.erb within layouts/application (3.9ms)
Completed 200 OK in 192ms (Views: 189.9ms | ActiveRecord: 0.0ms)


Started GET "/home/update?utf8=%E2%9C%93&range%5Bstart_date%5D=07%2F01%2F2018&range%5Bend_date%5D=07%2F26%2F2018&commit=Aplicar" for 127.0.0.1 at 2018-07-12 16:29:30 -0400
Processing by HomeController#update as HTML
  Parameters: {"utf8"=>"✓", "range"=>{"start_date"=>"07/01/2018", "end_date"=>"07/26/2018"}, "commit"=>"Aplicar"}
  Rendering home/index.html.erb within layouts/application
  Rendered home/_date_form.html.erb (2.3ms)
  Rendered home/index.html.erb within layouts/application (4.4ms)
Completed 200 OK in 217ms (Views: 215.9ms | ActiveRecord: 0.0ms)


Started GET "/home/update?utf8=%E2%9C%93&range%5Bstart_date%5D=07%2F21%2F2018&range%5Bend_date%5D=08%2F03%2F2018&commit=Aplicar" for 127.0.0.1 at 2018-07-12 16:29:38 -0400
Processing by HomeController#update as HTML
  Parameters: {"utf8"=>"✓", "range"=>{"start_date"=>"07/21/2018", "end_date"=>"08/03/2018"}, "commit"=>"Aplicar"}
  Rendering home/index.html.erb within layouts/application
  Rendered home/_date_form.html.erb (2.0ms)
  Rendered home/index.html.erb within layouts/application (4.4ms)
Completed 200 OK in 141ms (Views: 139.7ms | ActiveRecord: 0.0ms)


Started GET "/home/update?utf8=%E2%9C%93&range%5Bstart_date%5D=07%2F21%2F2018&range%5Bend_date%5D=08%2F03%2F2018&commit=Aplicar" for 127.0.0.1 at 2018-07-12 16:30:51 -0400
Processing by HomeController#update as HTML
  Parameters: {"utf8"=>"✓", "range"=>{"start_date"=>"07/21/2018", "end_date"=>"08/03/2018"}, "commit"=>"Aplicar"}
  Rendering home/index.html.erb within layouts/application
  Rendered home/_date_form.html.erb (0.7ms)
  Rendered home/index.html.erb within layouts/application (1.5ms)
Completed 500 Internal Server Error in 3ms (ActiveRecord: 0.0ms)


  
SyntaxError (/home/huarn/cumplo/desafio/currency-app/app/views/home/_date_form.html.erb:7: syntax error, unexpected ',', expecting =>
...re', 'Noviembre','Diciembre']}, required: :true );@output_bu...
...                               ^):
  
app/views/home/_date_form.html.erb:7: syntax error, unexpected ',', expecting =>
app/views/home/index.html.erb:2:in `_app_views_home_index_html_erb___563955648761501277_69936349524020'
app/controllers/home_controller.rb:14:in `update'
Started GET "/home/update?utf8=%E2%9C%93&range%5Bstart_date%5D=07%2F21%2F2018&range%5Bend_date%5D=08%2F03%2F2018&commit=Aplicar" for 127.0.0.1 at 2018-07-12 16:31:02 -0400
Processing by HomeController#update as HTML
  Parameters: {"utf8"=>"✓", "range"=>{"start_date"=>"07/21/2018", "end_date"=>"08/03/2018"}, "commit"=>"Aplicar"}
  Rendering home/index.html.erb within layouts/application
  Rendered home/_date_form.html.erb (1.2ms)
  Rendered home/index.html.erb within layouts/application (4.0ms)
Completed 500 Internal Server Error in 8ms (ActiveRecord: 0.0ms)


  
SyntaxError (/home/huarn/cumplo/desafio/currency-app/app/views/home/_date_form.html.erb:7: syntax error, unexpected tSTRING_DEND, expecting =>
...re', 'Noviembre','Diciembre']}}, required: :true );@output_b...
...                               ^
/home/huarn/cumplo/desafio/currency-app/app/views/home/_date_form.html.erb:13: syntax error, unexpected tSTRING_DEND, expecting '}'
..., data:{ provide:'datepicker' }, required: :true );@output_b...
...                               ^):
  
app/views/home/_date_form.html.erb:7: syntax error, unexpected tSTRING_DEND, expecting =>
app/views/home/_date_form.html.erb:13: syntax error, unexpected tSTRING_DEND, expecting '}'
app/views/home/index.html.erb:2:in `_app_views_home_index_html_erb___563955648761501277_69936261530160'
app/controllers/home_controller.rb:14:in `update'
Started GET "/home/update?utf8=%E2%9C%93&range%5Bstart_date%5D=07%2F21%2F2018&range%5Bend_date%5D=08%2F03%2F2018&commit=Aplicar" for 127.0.0.1 at 2018-07-12 16:34:00 -0400
  [1m[35m (0.2ms)[0m  [1m[35mSET NAMES utf8,  @@SESSION.sql_mode = CONCAT(CONCAT(@@sql_mode, ',STRICT_ALL_TABLES'), ',NO_AUTO_VALUE_ON_ZERO'),  @@SESSION.sql_auto_is_null = 0, @@SESSION.wait_timeout = 2147483[0m
  ↳ /home/huarn/.rvm/gems/ruby-2.3.1@desafio-cumplo/gems/activerecord-5.2.0/lib/active_record/log_subscriber.rb:98
Processing by HomeController#update as HTML
  Parameters: {"utf8"=>"✓", "range"=>{"start_date"=>"07/21/2018", "end_date"=>"08/03/2018"}, "commit"=>"Aplicar"}
  Rendering home/index.html.erb within layouts/application
  Rendered home/_date_form.html.erb (2.8ms)
  Rendered home/index.html.erb within layouts/application (5.0ms)
Completed 200 OK in 445ms (Views: 437.2ms | ActiveRecord: 0.0ms)


Started GET "/home/update?utf8=%E2%9C%93&range%5Bstart_date%5D=07%2F04%2F2018&range%5Bend_date%5D=07%2F10%2F2018&commit=Aplicar" for 127.0.0.1 at 2018-07-12 16:34:07 -0400
  [1m[35m (0.2ms)[0m  [1m[35mSET NAMES utf8,  @@SESSION.sql_mode = CONCAT(CONCAT(@@sql_mode, ',STRICT_ALL_TABLES'), ',NO_AUTO_VALUE_ON_ZERO'),  @@SESSION.sql_auto_is_null = 0, @@SESSION.wait_timeout = 2147483[0m
  ↳ /home/huarn/.rvm/gems/ruby-2.3.1@desafio-cumplo/gems/activerecord-5.2.0/lib/active_record/log_subscriber.rb:98
Processing by HomeController#update as HTML
  Parameters: {"utf8"=>"✓", "range"=>{"start_date"=>"07/04/2018", "end_date"=>"07/10/2018"}, "commit"=>"Aplicar"}
  Rendering home/index.html.erb within layouts/application
  Rendered home/_date_form.html.erb (1.2ms)
  Rendered home/index.html.erb within layouts/application (2.6ms)
Completed 200 OK in 207ms (Views: 203.2ms | ActiveRecord: 0.0ms)


Started GET "/home/update?utf8=%E2%9C%93&range%5Bstart_date%5D=07%2F04%2F2018&range%5Bend_date%5D=07%2F10%2F2018&commit=Aplicar" for 127.0.0.1 at 2018-07-12 16:34:40 -0400
Processing by HomeController#update as HTML
  Parameters: {"utf8"=>"✓", "range"=>{"start_date"=>"07/04/2018", "end_date"=>"07/10/2018"}, "commit"=>"Aplicar"}
  Rendering home/index.html.erb within layouts/application
  Rendered home/_date_form.html.erb (38.1ms)
  Rendered home/index.html.erb within layouts/application (39.4ms)
Completed 500 Internal Server Error in 44ms (ActiveRecord: 0.0ms)


  
ActionView::Template::Error (undefined method `map' for "translation missing: es.date.order":String
Did you mean?  tap):
    4:         <div class="col m6">
    5:           <div class="">
    6:             <%= f.label :start_date, "Desde: " %>
    7:             <%= f.date_select :date, {:use_month_names => [t(:jan), t(:feb), t(:mar), t(:apr), t(:may), t(:jun), t(:jul), t(:aug), t(:sep), t(:oct), t(:nov), t(:dec)]} %>
    8:             <%= f.text_field :start_date, data:{ provide:'datepicker' }, required: :true %>
    9:           </div>
   10:         </div>
  
app/views/home/_date_form.html.erb:7:in `block in _app_views_home__date_form_html_erb___2680003337838812009_69901304079980'
app/views/home/_date_form.html.erb:2:in `_app_views_home__date_form_html_erb___2680003337838812009_69901304079980'
app/views/home/index.html.erb:2:in `_app_views_home_index_html_erb___2871364792502003025_69901304323460'
app/controllers/home_controller.rb:14:in `update'
Started GET "/home/update?utf8=%E2%9C%93&range%5Bstart_date%5D=07%2F04%2F2018&range%5Bend_date%5D=07%2F10%2F2018&commit=Aplicar" for 127.0.0.1 at 2018-07-12 16:35:13 -0400
Processing by HomeController#update as HTML
  Parameters: {"utf8"=>"✓", "range"=>{"start_date"=>"07/04/2018", "end_date"=>"07/10/2018"}, "commit"=>"Aplicar"}
  Rendering home/index.html.erb within layouts/application
  Rendered home/_date_form.html.erb (2.8ms)
  Rendered home/index.html.erb within layouts/application (5.1ms)
Completed 500 Internal Server Error in 10ms (ActiveRecord: 0.0ms)


  
ActionView::Template::Error (undefined method `map' for "translation missing: es.date.order":String
Did you mean?  tap):
    4:         <div class="col m6">
    5:           <div class="">
    6:             <%= f.label :start_date, "Desde: " %>
    7:             <%= f.date_select :date, {:use_month_names => ['Enero', 'Febrero', 'Marzo', 'Abril', 'Mayo', 'Junio', 'Julio', 'Agosto', 'Septiembre', 'Octubre', 'Noviembre','Diciembre']} %>
    8:             <%= f.text_field :start_date, data:{ provide:'datepicker' }, required: :true %>
    9:           </div>
   10:         </div>
  
app/views/home/_date_form.html.erb:7:in `block in _app_views_home__date_form_html_erb___2680003337838812009_69901322393900'
app/views/home/_date_form.html.erb:2:in `_app_views_home__date_form_html_erb___2680003337838812009_69901322393900'
app/views/home/index.html.erb:2:in `_app_views_home_index_html_erb___2871364792502003025_69901322427160'
app/controllers/home_controller.rb:14:in `update'
Started GET "/home/update?utf8=%E2%9C%93&range%5Bstart_date%5D=07%2F04%2F2018&range%5Bend_date%5D=07%2F10%2F2018&commit=Aplicar" for 127.0.0.1 at 2018-07-12 16:35:50 -0400
Processing by HomeController#update as HTML
  Parameters: {"utf8"=>"✓", "range"=>{"start_date"=>"07/04/2018", "end_date"=>"07/10/2018"}, "commit"=>"Aplicar"}
  Rendering home/index.html.erb within layouts/application
  Rendered home/_date_form.html.erb (2.5ms)
  Rendered home/index.html.erb within layouts/application (5.0ms)
Completed 200 OK in 204ms (Views: 202.9ms | ActiveRecord: 0.0ms)


Started GET "/home/update?utf8=%E2%9C%93&range%5Bstart_date%5D=07%2F04%2F2018&range%5Bend_date%5D=07%2F10%2F2018&commit=Aplicar" for 127.0.0.1 at 2018-07-12 16:36:04 -0400
Processing by HomeController#update as HTML
  Parameters: {"utf8"=>"✓", "range"=>{"start_date"=>"07/04/2018", "end_date"=>"07/10/2018"}, "commit"=>"Aplicar"}
  Rendering home/index.html.erb within layouts/application
  Rendered home/_date_form.html.erb (0.9ms)
  Rendered home/index.html.erb within layouts/application (1.9ms)
Completed 200 OK in 141ms (Views: 139.8ms | ActiveRecord: 0.0ms)


Started GET "/home/update?utf8=%E2%9C%93&range%5Bstart_date%5D=07%2F26%2F2018&range%5Bend_date%5D=07%2F26%2F2018&commit=Aplicar" for 127.0.0.1 at 2018-07-12 16:36:09 -0400
Processing by HomeController#update as HTML
  Parameters: {"utf8"=>"✓", "range"=>{"start_date"=>"07/26/2018", "end_date"=>"07/26/2018"}, "commit"=>"Aplicar"}
  Rendering home/index.html.erb within layouts/application
  Rendered home/_date_form.html.erb (1.4ms)
  Rendered home/index.html.erb within layouts/application (2.5ms)
Completed 200 OK in 166ms (Views: 165.3ms | ActiveRecord: 0.0ms)


Started GET "/home/update?utf8=%E2%9C%93&range%5Bstart_date%5D=07%2F26%2F2018&range%5Bend_date%5D=07%2F26%2F2018&commit=Aplicar" for 127.0.0.1 at 2018-07-12 16:36:19 -0400
Processing by HomeController#update as HTML
  Parameters: {"utf8"=>"✓", "range"=>{"start_date"=>"07/26/2018", "end_date"=>"07/26/2018"}, "commit"=>"Aplicar"}
  Rendering home/index.html.erb within layouts/application
  Rendered home/_date_form.html.erb (1.5ms)
  Rendered home/index.html.erb within layouts/application (3.1ms)
Completed 200 OK in 168ms (Views: 166.6ms | ActiveRecord: 0.0ms)


Started GET "/home/update?utf8=%E2%9C%93&range%5Bstart_date%5D=07%2F06%2F2018&range%5Bend_date%5D=07%2F19%2F2018&commit=Aplicar" for 127.0.0.1 at 2018-07-12 16:36:24 -0400
Processing by HomeController#update as HTML
  Parameters: {"utf8"=>"✓", "range"=>{"start_date"=>"07/06/2018", "end_date"=>"07/19/2018"}, "commit"=>"Aplicar"}
  Rendering home/index.html.erb within layouts/application
  Rendered home/_date_form.html.erb (1.4ms)
  Rendered home/index.html.erb within layouts/application (3.6ms)
Completed 200 OK in 158ms (Views: 155.7ms | ActiveRecord: 0.0ms)


Started GET "/home/update?utf8=%E2%9C%93&range%5Bstart_date%5D=07%2F06%2F2018&range%5Bend_date%5D=07%2F19%2F2018&commit=Aplicar" for 127.0.0.1 at 2018-07-12 16:37:29 -0400
Processing by HomeController#update as HTML
  Parameters: {"utf8"=>"✓", "range"=>{"start_date"=>"07/06/2018", "end_date"=>"07/19/2018"}, "commit"=>"Aplicar"}
  Rendering home/index.html.erb within layouts/application
  Rendered home/_date_form.html.erb (0.7ms)
  Rendered home/index.html.erb within layouts/application (1.5ms)
Completed 200 OK in 167ms (Views: 165.8ms | ActiveRecord: 0.0ms)


Started GET "/home/update?utf8=%E2%9C%93&range%5Bstart_date%5D=07%2F04%2F2018&range%5Bend_date%5D=07%2F12%2F2018&commit=Aplicar" for 127.0.0.1 at 2018-07-12 16:37:34 -0400
Processing by HomeController#update as HTML
  Parameters: {"utf8"=>"✓", "range"=>{"start_date"=>"07/04/2018", "end_date"=>"07/12/2018"}, "commit"=>"Aplicar"}
  Rendering home/index.html.erb within layouts/application
  Rendered home/_date_form.html.erb (2.0ms)
  Rendered home/index.html.erb within layouts/application (4.2ms)
Completed 200 OK in 156ms (Views: 155.1ms | ActiveRecord: 0.0ms)


Started GET "/home/update?utf8=%E2%9C%93&range%5Bstart_date%5D=07%2F04%2F2018&range%5Bend_date%5D=07%2F12%2F2018&commit=Aplicar" for 127.0.0.1 at 2018-07-12 16:41:05 -0400
Processing by HomeController#update as HTML
  Parameters: {"utf8"=>"✓", "range"=>{"start_date"=>"07/04/2018", "end_date"=>"07/12/2018"}, "commit"=>"Aplicar"}
  Rendering home/index.html.erb within layouts/application
  Rendered home/_date_form.html.erb (0.9ms)
  Rendered home/index.html.erb within layouts/application (2.4ms)
Completed 200 OK in 515ms (Views: 157.4ms | ActiveRecord: 0.0ms)


Started GET "/home/update?utf8=%E2%9C%93&range%5Bstart_date%5D=07%2F03%2F2018&range%5Bend_date%5D=07%2F26%2F2018&commit=Aplicar" for 127.0.0.1 at 2018-07-12 16:41:15 -0400
Processing by HomeController#update as HTML
  Parameters: {"utf8"=>"✓", "range"=>{"start_date"=>"07/03/2018", "end_date"=>"07/26/2018"}, "commit"=>"Aplicar"}
  Rendering home/index.html.erb within layouts/application
  Rendered home/_date_form.html.erb (1.4ms)
  Rendered home/index.html.erb within layouts/application (3.1ms)
Completed 200 OK in 644ms (Views: 139.1ms | ActiveRecord: 0.0ms)


Started GET "/home/update?utf8=%E2%9C%93&range%5Bstart_date%5D=07%2F03%2F2018&range%5Bend_date%5D=07%2F26%2F2018&commit=Aplicar" for 127.0.0.1 at 2018-07-12 16:41:42 -0400
Processing by HomeController#update as HTML
  Parameters: {"utf8"=>"✓", "range"=>{"start_date"=>"07/03/2018", "end_date"=>"07/26/2018"}, "commit"=>"Aplicar"}
  Rendering home/index.html.erb within layouts/application
  Rendered home/_date_form.html.erb (1.5ms)
  Rendered home/index.html.erb within layouts/application (3.3ms)
Completed 200 OK in 526ms (Views: 159.2ms | ActiveRecord: 0.0ms)


Started GET "/home/update?utf8=%E2%9C%93&range%5Bstart_date%5D=07%2F01%2F2018&range%5Bend_date%5D=07%2F03%2F2018&commit=Aplicar" for 127.0.0.1 at 2018-07-12 16:41:50 -0400
Processing by HomeController#update as HTML
  Parameters: {"utf8"=>"✓", "range"=>{"start_date"=>"07/01/2018", "end_date"=>"07/03/2018"}, "commit"=>"Aplicar"}
  Rendering home/index.html.erb within layouts/application
  Rendered home/_date_form.html.erb (1.5ms)
  Rendered home/index.html.erb within layouts/application (3.0ms)
Completed 200 OK in 499ms (Views: 183.5ms | ActiveRecord: 0.0ms)


Started GET "/home/update?utf8=%E2%9C%93&range%5Bstart_date%5D=07%2F01%2F2018&range%5Bend_date%5D=07%2F03%2F2018&commit=Aplicar" for 127.0.0.1 at 2018-07-12 17:08:09 -0400
  [1m[35m (0.3ms)[0m  [1m[35mSET NAMES utf8,  @@SESSION.sql_mode = CONCAT(CONCAT(@@sql_mode, ',STRICT_ALL_TABLES'), ',NO_AUTO_VALUE_ON_ZERO'),  @@SESSION.sql_auto_is_null = 0, @@SESSION.wait_timeout = 2147483[0m
  ↳ /home/huarn/.rvm/gems/ruby-2.3.1@desafio-cumplo/gems/activerecord-5.2.0/lib/active_record/log_subscriber.rb:98
Processing by HomeController#update as HTML
  Parameters: {"utf8"=>"✓", "range"=>{"start_date"=>"07/01/2018", "end_date"=>"07/03/2018"}, "commit"=>"Aplicar"}
  Rendering home/index.html.erb within layouts/application
  Rendered home/_date_form.html.erb (2.7ms)
  Rendered home/index.html.erb within layouts/application (5.2ms)
Completed 200 OK in 479ms (Views: 154.5ms | ActiveRecord: 0.0ms)


Started GET "/" for 127.0.0.1 at 2018-07-12 17:08:18 -0400
Processing by HomeController#index as HTML
  Rendering home/index.html.erb within layouts/application
  Rendered home/_date_form.html.erb (2.9ms)
  Rendered home/index.html.erb within layouts/application (5.0ms)
Completed 200 OK in 153ms (Views: 151.0ms | ActiveRecord: 0.0ms)


Started GET "/home/update?utf8=%E2%9C%93&range%5Bstart_date%5D=07%2F03%2F2018&range%5Bend_date%5D=07%2F18%2F2018&commit=Aplicar" for 127.0.0.1 at 2018-07-12 17:08:26 -0400
Processing by HomeController#update as HTML
  Parameters: {"utf8"=>"✓", "range"=>{"start_date"=>"07/03/2018", "end_date"=>"07/18/2018"}, "commit"=>"Aplicar"}
  Rendering home/index.html.erb within layouts/application
  Rendered home/_date_form.html.erb (1.0ms)
  Rendered home/index.html.erb within layouts/application (2.1ms)
Completed 200 OK in 420ms (Views: 140.8ms | ActiveRecord: 0.0ms)


Started GET "/home/update?utf8=%E2%9C%93&range%5Bstart_date%5D=03%2F05%2F2018&range%5Bend_date%5D=07%2F10%2F2018&commit=Aplicar" for 127.0.0.1 at 2018-07-12 17:08:34 -0400
Processing by HomeController#update as HTML
  Parameters: {"utf8"=>"✓", "range"=>{"start_date"=>"03/05/2018", "end_date"=>"07/10/2018"}, "commit"=>"Aplicar"}
  Rendering home/index.html.erb within layouts/application
  Rendered home/_date_form.html.erb (3.0ms)
  Rendered home/index.html.erb within layouts/application (5.4ms)
Completed 200 OK in 460ms (Views: 142.6ms | ActiveRecord: 0.0ms)


Started GET "/home/update?utf8=%E2%9C%93&range%5Bstart_date%5D=03%2F05%2F2018&range%5Bend_date%5D=07%2F10%2F2018&commit=Aplicar" for 127.0.0.1 at 2018-07-12 17:09:04 -0400
Processing by HomeController#update as HTML
  Parameters: {"utf8"=>"✓", "range"=>{"start_date"=>"03/05/2018", "end_date"=>"07/10/2018"}, "commit"=>"Aplicar"}
Completed 500 Internal Server Error in 244ms (ActiveRecord: 0.0ms)


  
TypeError (no implicit conversion of String into Integer):
  
app/helpers/get_currency.rb:18:in `[]'
app/helpers/get_currency.rb:18:in `uf'
app/controllers/home_controller.rb:15:in `update'
Started GET "/home/update?utf8=%E2%9C%93&range%5Bstart_date%5D=03%2F05%2F2018&range%5Bend_date%5D=07%2F10%2F2018&commit=Aplicar" for 127.0.0.1 at 2018-07-12 17:09:09 -0400
Processing by HomeController#update as HTML
  Parameters: {"utf8"=>"✓", "range"=>{"start_date"=>"03/05/2018", "end_date"=>"07/10/2018"}, "commit"=>"Aplicar"}
  Rendering home/index.html.erb within layouts/application
  Rendered home/_date_form.html.erb (1.9ms)
  Rendered home/index.html.erb within layouts/application (4.3ms)
Completed 200 OK in 1240ms (Views: 158.1ms | ActiveRecord: 0.0ms)


Started GET "/home/update?utf8=%E2%9C%93&range%5Bstart_date%5D=07%2F03%2F2018&range%5Bend_date%5D=07%2F18%2F2018&commit=Aplicar" for 127.0.0.1 at 2018-07-12 17:09:15 -0400
Processing by HomeController#update as HTML
  Parameters: {"utf8"=>"✓", "range"=>{"start_date"=>"07/03/2018", "end_date"=>"07/18/2018"}, "commit"=>"Aplicar"}
  Rendering home/index.html.erb within layouts/application
  Rendered home/_date_form.html.erb (2.8ms)
  Rendered home/index.html.erb within layouts/application (6.1ms)
Completed 200 OK in 491ms (Views: 148.4ms | ActiveRecord: 0.0ms)


Started GET "/home/update?utf8=%E2%9C%93&range%5Bstart_date%5D=07%2F03%2F2018&range%5Bend_date%5D=07%2F18%2F2018&commit=Aplicar" for 127.0.0.1 at 2018-07-12 17:09:19 -0400
Processing by HomeController#update as HTML
  Parameters: {"utf8"=>"✓", "range"=>{"start_date"=>"07/03/2018", "end_date"=>"07/18/2018"}, "commit"=>"Aplicar"}
  Rendering home/index.html.erb within layouts/application
  Rendered home/_date_form.html.erb (1.3ms)
  Rendered home/index.html.erb within layouts/application (2.8ms)
Completed 200 OK in 1515ms (Views: 158.1ms | ActiveRecord: 0.0ms)


Started GET "/home/update?utf8=%E2%9C%93&range%5Bstart_date%5D=07%2F03%2F2018&range%5Bend_date%5D=07%2F18%2F2018&commit=Aplicar" for 127.0.0.1 at 2018-07-12 17:09:29 -0400
Processing by HomeController#update as HTML
  Parameters: {"utf8"=>"✓", "range"=>{"start_date"=>"07/03/2018", "end_date"=>"07/18/2018"}, "commit"=>"Aplicar"}
  Rendering home/index.html.erb within layouts/application
  Rendered home/_date_form.html.erb (2.4ms)
  Rendered home/index.html.erb within layouts/application (15.6ms)
Completed 200 OK in 518ms (Views: 182.9ms | ActiveRecord: 0.0ms)


Started GET "/home/update?utf8=%E2%9C%93&range%5Bstart_date%5D=07%2F03%2F2018&range%5Bend_date%5D=07%2F18%2F2018&commit=Aplicar" for 127.0.0.1 at 2018-07-12 17:10:01 -0400
Processing by HomeController#update as HTML
  Parameters: {"utf8"=>"✓", "range"=>{"start_date"=>"07/03/2018", "end_date"=>"07/18/2018"}, "commit"=>"Aplicar"}
  Rendering home/index.html.erb within layouts/application
  Rendered home/_date_form.html.erb (2.8ms)
  Rendered home/index.html.erb within layouts/application (5.4ms)
Completed 200 OK in 436ms (Views: 160.6ms | ActiveRecord: 0.0ms)


Started GET "/home/update?utf8=%E2%9C%93&range%5Bstart_date%5D=07%2F03%2F2018&range%5Bend_date%5D=07%2F10%2F2018&commit=Aplicar" for 127.0.0.1 at 2018-07-12 17:10:09 -0400
Processing by HomeController#update as HTML
  Parameters: {"utf8"=>"✓", "range"=>{"start_date"=>"07/03/2018", "end_date"=>"07/10/2018"}, "commit"=>"Aplicar"}
  Rendering home/index.html.erb within layouts/application
  Rendered home/_date_form.html.erb (0.9ms)
  Rendered home/index.html.erb within layouts/application (2.4ms)
Completed 200 OK in 733ms (Views: 131.8ms | ActiveRecord: 0.0ms)


Started GET "/home/update?utf8=%E2%9C%93&range%5Bstart_date%5D=07%2F03%2F2018&range%5Bend_date%5D=07%2F10%2F2018&commit=Aplicar" for 127.0.0.1 at 2018-07-12 17:10:15 -0400
Processing by HomeController#update as HTML
  Parameters: {"utf8"=>"✓", "range"=>{"start_date"=>"07/03/2018", "end_date"=>"07/10/2018"}, "commit"=>"Aplicar"}
  Rendering home/index.html.erb within layouts/application
  Rendered home/_date_form.html.erb (1.3ms)
  Rendered home/index.html.erb within layouts/application (2.5ms)
Completed 200 OK in 515ms (Views: 180.6ms | ActiveRecord: 0.0ms)


Started GET "/home/update?utf8=%E2%9C%93&range%5Bstart_date%5D=07%2F03%2F2018&range%5Bend_date%5D=07%2F10%2F2018&commit=Aplicar" for 127.0.0.1 at 2018-07-12 17:10:23 -0400
Processing by HomeController#update as HTML
  Parameters: {"utf8"=>"✓", "range"=>{"start_date"=>"07/03/2018", "end_date"=>"07/10/2018"}, "commit"=>"Aplicar"}
  Rendering home/index.html.erb within layouts/application
  Rendered home/_date_form.html.erb (2.5ms)
  Rendered home/index.html.erb within layouts/application (4.3ms)
Completed 200 OK in 865ms (Views: 170.5ms | ActiveRecord: 0.0ms)


Started GET "/home/update?utf8=%E2%9C%93&range%5Bstart_date%5D=07%2F03%2F2018&range%5Bend_date%5D=07%2F10%2F2018&commit=Aplicar" for 127.0.0.1 at 2018-07-12 17:10:27 -0400
Processing by HomeController#update as HTML
  Parameters: {"utf8"=>"✓", "range"=>{"start_date"=>"07/03/2018", "end_date"=>"07/10/2018"}, "commit"=>"Aplicar"}
  Rendering home/index.html.erb within layouts/application
  Rendered home/_date_form.html.erb (1.5ms)
  Rendered home/index.html.erb within layouts/application (2.8ms)
Completed 200 OK in 455ms (Views: 146.8ms | ActiveRecord: 0.0ms)


Started GET "/home/update?utf8=%E2%9C%93&range%5Bstart_date%5D=07%2F01%2F2018&range%5Bend_date%5D=07%2F11%2F2018&commit=Aplicar" for 127.0.0.1 at 2018-07-12 17:13:15 -0400
Processing by HomeController#update as HTML
  Parameters: {"utf8"=>"✓", "range"=>{"start_date"=>"07/01/2018", "end_date"=>"07/11/2018"}, "commit"=>"Aplicar"}
  Rendering home/index.html.erb within layouts/application
  Rendered home/_date_form.html.erb (2.5ms)
  Rendered home/index.html.erb within layouts/application (5.3ms)
Completed 200 OK in 536ms (Views: 154.3ms | ActiveRecord: 0.0ms)


Started GET "/home/update?utf8=%E2%9C%93&range%5Bstart_date%5D=07%2F01%2F2018&range%5Bend_date%5D=07%2F11%2F2018&commit=Aplicar" for 127.0.0.1 at 2018-07-12 17:15:30 -0400
Processing by HomeController#update as HTML
  Parameters: {"utf8"=>"✓", "range"=>{"start_date"=>"07/01/2018", "end_date"=>"07/11/2018"}, "commit"=>"Aplicar"}
  Rendering home/index.html.erb within layouts/application
  Rendered home/_date_form.html.erb (1.6ms)
  Rendered home/index.html.erb within layouts/application (2.9ms)
Completed 200 OK in 532ms (Views: 170.2ms | ActiveRecord: 0.0ms)


Started GET "/" for 127.0.0.1 at 2018-07-12 17:15:36 -0400
Processing by HomeController#index as HTML
  Rendering home/index.html.erb within layouts/application
  Rendered home/_date_form.html.erb (4.8ms)
  Rendered home/index.html.erb within layouts/application (7.6ms)
Completed 200 OK in 479ms (Views: 157.4ms | ActiveRecord: 0.0ms)


Started GET "/" for 127.0.0.1 at 2018-07-12 17:15:45 -0400
Processing by HomeController#index as HTML
  Rendering home/index.html.erb within layouts/application
  Rendered home/_date_form.html.erb (2.9ms)
  Rendered home/index.html.erb within layouts/application (7.4ms)
Completed 200 OK in 632ms (Views: 163.6ms | ActiveRecord: 0.0ms)


Started GET "/" for 127.0.0.1 at 2018-07-12 17:16:57 -0400
Processing by HomeController#index as HTML
  Rendering home/index.html.erb within layouts/application
  Rendered home/_date_form.html.erb (35.7ms)
  Rendered home/index.html.erb within layouts/application (37.9ms)
Completed 200 OK in 558ms (Views: 191.6ms | ActiveRecord: 0.0ms)


Started GET "/" for 127.0.0.1 at 2018-07-12 17:17:14 -0400
Processing by HomeController#index as HTML
  Rendering home/index.html.erb within layouts/application
  Rendered home/_date_form.html.erb (4.0ms)
  Rendered home/index.html.erb within layouts/application (7.0ms)
Completed 200 OK in 515ms (Views: 231.9ms | ActiveRecord: 0.0ms)


Started GET "/" for 127.0.0.1 at 2018-07-12 17:17:18 -0400
Processing by HomeController#index as HTML
  Rendering home/index.html.erb within layouts/application
  Rendered home/_date_form.html.erb (3.0ms)
  Rendered home/index.html.erb within layouts/application (6.2ms)
Completed 200 OK in 1341ms (Views: 152.1ms | ActiveRecord: 0.0ms)


Started GET "/" for 127.0.0.1 at 2018-07-12 17:18:34 -0400
Processing by HomeController#index as HTML
  Rendering home/index.html.erb within layouts/application
  Rendered home/_date_form.html.erb (2.0ms)
  Rendered home/index.html.erb within layouts/application (4.0ms)
Completed 200 OK in 587ms (Views: 188.0ms | ActiveRecord: 0.0ms)


Started GET "/" for 127.0.0.1 at 2018-07-12 17:18:48 -0400
Processing by HomeController#index as HTML
  Rendering home/index.html.erb within layouts/application
  Rendered home/_date_form.html.erb (1.3ms)
  Rendered home/index.html.erb within layouts/application (2.5ms)
Completed 200 OK in 502ms (Views: 239.2ms | ActiveRecord: 0.0ms)


Started GET "/" for 127.0.0.1 at 2018-07-12 17:18:57 -0400
Processing by HomeController#index as HTML
  Rendering home/index.html.erb within layouts/application
  Rendered home/_date_form.html.erb (1.1ms)
  Rendered home/index.html.erb within layouts/application (2.0ms)
Completed 200 OK in 495ms (Views: 180.8ms | ActiveRecord: 0.0ms)


Started GET "/" for 127.0.0.1 at 2018-07-12 17:19:01 -0400
Processing by HomeController#index as HTML
  Rendering home/index.html.erb within layouts/application
  Rendered home/_date_form.html.erb (2.4ms)
  Rendered home/index.html.erb within layouts/application (4.7ms)
Completed 200 OK in 419ms (Views: 168.3ms | ActiveRecord: 0.0ms)


Started GET "/" for 127.0.0.1 at 2018-07-12 17:19:27 -0400
Processing by HomeController#index as HTML
  Rendering home/index.html.erb within layouts/application
  Rendered home/_date_form.html.erb (1.4ms)
  Rendered home/index.html.erb within layouts/application (2.6ms)
Completed 200 OK in 572ms (Views: 223.8ms | ActiveRecord: 0.0ms)


Started GET "/home/update?utf8=%E2%9C%93&range%5Bstart_date%5D=07%2F12%2F2018&range%5Bend_date%5D=07%2F24%2F2018&commit=Aplicar" for 127.0.0.1 at 2018-07-12 17:19:35 -0400
Processing by HomeController#update as HTML
  Parameters: {"utf8"=>"✓", "range"=>{"start_date"=>"07/12/2018", "end_date"=>"07/24/2018"}, "commit"=>"Aplicar"}
  Rendering home/index.html.erb within layouts/application
  Rendered home/_date_form.html.erb (2.3ms)
  Rendered home/index.html.erb within layouts/application (4.5ms)
Completed 200 OK in 1026ms (Views: 192.1ms | ActiveRecord: 0.0ms)


Started GET "/home/update?utf8=%E2%9C%93&range%5Bstart_date%5D=07%2F12%2F2018&range%5Bend_date%5D=07%2F26%2F2018&commit=Aplicar" for 127.0.0.1 at 2018-07-12 17:19:45 -0400
Processing by HomeController#update as HTML
  Parameters: {"utf8"=>"✓", "range"=>{"start_date"=>"07/12/2018", "end_date"=>"07/26/2018"}, "commit"=>"Aplicar"}
  Rendering home/index.html.erb within layouts/application
  Rendered home/_date_form.html.erb (2.3ms)
  Rendered home/index.html.erb within layouts/application (5.7ms)
Completed 200 OK in 493ms (Views: 191.6ms | ActiveRecord: 0.0ms)


Started GET "/home/update?utf8=%E2%9C%93&range%5Bstart_date%5D=05%2F30%2F2019&range%5Bend_date%5D=11%2F08%2F2019&commit=Aplicar" for 127.0.0.1 at 2018-07-12 17:20:08 -0400
Processing by HomeController#update as HTML
  Parameters: {"utf8"=>"✓", "range"=>{"start_date"=>"05/30/2019", "end_date"=>"11/08/2019"}, "commit"=>"Aplicar"}
  Rendering home/index.html.erb within layouts/application
  Rendered home/_date_form.html.erb (2.5ms)
  Rendered home/index.html.erb within layouts/application (6.9ms)
Completed 200 OK in 1228ms (Views: 164.6ms | ActiveRecord: 0.0ms)


Started GET "/home/update?utf8=%E2%9C%93&range%5Bstart_date%5D=05%2F30%2F2019&range%5Bend_date%5D=11%2F08%2F2019&commit=Aplicar" for 127.0.0.1 at 2018-07-12 17:24:38 -0400
Processing by HomeController#update as HTML
  Parameters: {"utf8"=>"✓", "range"=>{"start_date"=>"05/30/2019", "end_date"=>"11/08/2019"}, "commit"=>"Aplicar"}
  Rendering home/index.html.erb within layouts/application
  Rendered home/_date_form.html.erb (0.9ms)
  Rendered home/index.html.erb within layouts/application (4.8ms)
Completed 500 Internal Server Error in 207ms (ActiveRecord: 0.0ms)


  
ActionView::Template::Error (undefined method `each' for nil:NilClass):
    17:           </tr>
    18:           </thead>
    19:           <tbody>
    20:           <% @uf_values.each do |day| %>
    21:           <tr>
    22:             <td><% day[:Fecha]%></td>
    23:             <td><% day[:Valor]%></td>
  
app/views/home/index.html.erb:20:in `_app_views_home_index_html_erb___2871364792502003025_69901269965800'
app/controllers/home_controller.rb:16:in `update'
Started GET "/home/update?utf8=%E2%9C%93&range%5Bstart_date%5D=05%2F30%2F2019&range%5Bend_date%5D=11%2F08%2F2019&commit=Aplicar" for 127.0.0.1 at 2018-07-12 17:24:54 -0400
Processing by HomeController#update as HTML
  Parameters: {"utf8"=>"✓", "range"=>{"start_date"=>"05/30/2019", "end_date"=>"11/08/2019"}, "commit"=>"Aplicar"}
  Rendering home/index.html.erb within layouts/application
  Rendered home/_date_form.html.erb (3.4ms)
  Rendered home/index.html.erb within layouts/application (11.5ms)
Completed 500 Internal Server Error in 2271ms (ActiveRecord: 0.0ms)


  
ActionView::Template::Error (undefined method `each' for nil:NilClass):
    17:           </tr>
    18:           </thead>
    19:           <tbody>
    20:           <% @uf_values.each do |day| %>
    21:           <tr>
    22:             <td><% day[:Fecha]%></td>
    23:             <td><% day[:Valor]%></td>
  
app/views/home/index.html.erb:20:in `_app_views_home_index_html_erb___2871364792502003025_69901343865900'
app/controllers/home_controller.rb:16:in `update'
Started GET "/home/update?utf8=%E2%9C%93&range%5Bstart_date%5D=05%2F30%2F2019&range%5Bend_date%5D=11%2F08%2F2019&commit=Aplicar" for 127.0.0.1 at 2018-07-12 17:25:06 -0400
Processing by HomeController#update as HTML
  Parameters: {"utf8"=>"✓", "range"=>{"start_date"=>"05/30/2019", "end_date"=>"11/08/2019"}, "commit"=>"Aplicar"}
  Rendering home/index.html.erb within layouts/application
  Rendered home/_date_form.html.erb (2.4ms)
  Rendered home/index.html.erb within layouts/application (316.5ms)
Completed 500 Internal Server Error in 1533ms (ActiveRecord: 0.0ms)


  
ActionView::Template::Error (undefined local variable or method `uf_values' for #<#<Class:0x007f26588d6848>:0x007f26597d1fa0>
Did you mean?  @uf_values):
    17:           </tr>
    18:           </thead>
    19:           <tbody>
    20:           <% uf_values.each do |day| %>
    21:           <tr>
    22:             <td><% day[:Fecha]%></td>
    23:             <td><% day[:Valor]%></td>
  
app/views/home/index.html.erb:20:in `_app_views_home_index_html_erb___2871364792502003025_69901343425860'
app/controllers/home_controller.rb:16:in `update'
Started GET "/home/update?utf8=%E2%9C%93&range%5Bstart_date%5D=05%2F30%2F2019&range%5Bend_date%5D=11%2F08%2F2019&commit=Aplicar" for 127.0.0.1 at 2018-07-12 17:26:04 -0400
Processing by HomeController#update as HTML
  Parameters: {"utf8"=>"✓", "range"=>{"start_date"=>"05/30/2019", "end_date"=>"11/08/2019"}, "commit"=>"Aplicar"}
  Rendering home/index.html.erb within layouts/application
  Rendered home/_date_form.html.erb (1.1ms)
  Rendered home/index.html.erb within layouts/application (3.6ms)
Completed 500 Internal Server Error in 485ms (ActiveRecord: 0.0ms)


  
ActionView::Template::Error (undefined method `each' for nil:NilClass):
    18:           </tr>
    19:           </thead>
    20:           <tbody>
    21:           <% @uf_values.each do |day| %>
    22:           <tr>
    23:             <td><% day[:Fecha]%></td>
    24:             <td><% day[:Valor]%></td>
  
app/views/home/index.html.erb:21:in `_app_views_home_index_html_erb___2871364792502003025_69901267063500'
app/controllers/home_controller.rb:16:in `update'
Started GET "/" for 127.0.0.1 at 2018-07-12 17:26:12 -0400
Processing by HomeController#index as HTML
  Rendering home/index.html.erb within layouts/application
  Rendered home/_date_form.html.erb (2.4ms)
  Rendered home/index.html.erb within layouts/application (5.9ms)
Completed 200 OK in 474ms (Views: 180.7ms | ActiveRecord: 0.0ms)


Started GET "/" for 127.0.0.1 at 2018-07-12 17:26:26 -0400
Processing by HomeController#index as HTML
  Rendering home/index.html.erb within layouts/application
  Rendered home/_date_form.html.erb (2.2ms)
  Rendered home/index.html.erb within layouts/application (4.8ms)
Completed 200 OK in 536ms (Views: 223.7ms | ActiveRecord: 0.0ms)


Started GET "/" for 127.0.0.1 at 2018-07-12 17:26:37 -0400
Processing by HomeController#index as HTML
  Rendering home/index.html.erb within layouts/application
  Rendered home/_date_form.html.erb (1.3ms)
  Rendered home/index.html.erb within layouts/application (4.7ms)
Completed 200 OK in 607ms (Views: 211.9ms | ActiveRecord: 0.0ms)


Started GET "/" for 127.0.0.1 at 2018-07-12 17:26:50 -0400
Processing by HomeController#index as HTML
  Rendering home/index.html.erb within layouts/application
  Rendered home/_date_form.html.erb (3.4ms)
  Rendered home/index.html.erb within layouts/application (6.3ms)
Completed 200 OK in 542ms (Views: 190.4ms | ActiveRecord: 0.0ms)


Started GET "/" for 127.0.0.1 at 2018-07-12 17:26:52 -0400
Processing by HomeController#index as HTML
  Rendering home/index.html.erb within layouts/application
  Rendered home/_date_form.html.erb (3.7ms)
  Rendered home/index.html.erb within layouts/application (6.7ms)
Completed 200 OK in 524ms (Views: 171.8ms | ActiveRecord: 0.0ms)


Started GET "/home/update?utf8=%E2%9C%93&range%5Bstart_date%5D=07%2F02%2F2018&range%5Bend_date%5D=07%2F12%2F2018&commit=Aplicar" for 127.0.0.1 at 2018-07-12 17:26:57 -0400
Processing by HomeController#update as HTML
  Parameters: {"utf8"=>"✓", "range"=>{"start_date"=>"07/02/2018", "end_date"=>"07/12/2018"}, "commit"=>"Aplicar"}
  Rendering home/index.html.erb within layouts/application
  Rendered home/_date_form.html.erb (2.3ms)
  Rendered home/index.html.erb within layouts/application (5.1ms)
Completed 200 OK in 648ms (Views: 196.4ms | ActiveRecord: 0.0ms)


Started GET "/home/update?utf8=%E2%9C%93&range%5Bstart_date%5D=07%2F02%2F2018&range%5Bend_date%5D=07%2F12%2F2018&commit=Aplicar" for 127.0.0.1 at 2018-07-12 17:27:09 -0400
Processing by HomeController#update as HTML
  Parameters: {"utf8"=>"✓", "range"=>{"start_date"=>"07/02/2018", "end_date"=>"07/12/2018"}, "commit"=>"Aplicar"}
  Rendering home/index.html.erb within layouts/application
  Rendered home/_date_form.html.erb (1.3ms)
  Rendered home/index.html.erb within layouts/application (2.9ms)
Completed 200 OK in 510ms (Views: 142.9ms | ActiveRecord: 0.0ms)


Started GET "/home/update?utf8=%E2%9C%93&range%5Bstart_date%5D=07%2F02%2F2018&range%5Bend_date%5D=07%2F12%2F2018&commit=Aplicar" for 127.0.0.1 at 2018-07-12 17:27:22 -0400
Processing by HomeController#update as HTML
  Parameters: {"utf8"=>"✓", "range"=>{"start_date"=>"07/02/2018", "end_date"=>"07/12/2018"}, "commit"=>"Aplicar"}
  Rendering home/index.html.erb within layouts/application
  Rendered home/_date_form.html.erb (1.4ms)
  Rendered home/index.html.erb within layouts/application (3.1ms)
Completed 200 OK in 582ms (Views: 154.8ms | ActiveRecord: 0.0ms)


Started GET "/home/update?utf8=%E2%9C%93&range%5Bstart_date%5D=07%2F02%2F2018&range%5Bend_date%5D=07%2F12%2F2018&commit=Aplicar" for 127.0.0.1 at 2018-07-12 17:27:27 -0400
Processing by HomeController#update as HTML
  Parameters: {"utf8"=>"✓", "range"=>{"start_date"=>"07/02/2018", "end_date"=>"07/12/2018"}, "commit"=>"Aplicar"}
  Rendering home/index.html.erb within layouts/application
  Rendered home/_date_form.html.erb (1.6ms)
  Rendered home/index.html.erb within layouts/application (3.6ms)
Completed 200 OK in 438ms (Views: 152.9ms | ActiveRecord: 0.0ms)


Started GET "/home/update?utf8=%E2%9C%93&range%5Bstart_date%5D=07%2F02%2F2018&range%5Bend_date%5D=07%2F12%2F2018&commit=Aplicar" for 127.0.0.1 at 2018-07-12 17:27:31 -0400
Processing by HomeController#update as HTML
  Parameters: {"utf8"=>"✓", "range"=>{"start_date"=>"07/02/2018", "end_date"=>"07/12/2018"}, "commit"=>"Aplicar"}
  Rendering home/index.html.erb within layouts/application
  Rendered home/_date_form.html.erb (1.9ms)
  Rendered home/index.html.erb within layouts/application (5.4ms)
Completed 200 OK in 475ms (Views: 144.2ms | ActiveRecord: 0.0ms)


Started GET "/home/update?utf8=%E2%9C%93&range%5Bstart_date%5D=07%2F02%2F2018&range%5Bend_date%5D=07%2F12%2F2018&commit=Aplicar" for 127.0.0.1 at 2018-07-12 17:28:04 -0400
Processing by HomeController#update as HTML
  Parameters: {"utf8"=>"✓", "range"=>{"start_date"=>"07/02/2018", "end_date"=>"07/12/2018"}, "commit"=>"Aplicar"}
  Rendering home/index.html.erb within layouts/application
  Rendered home/_date_form.html.erb (3.8ms)
  Rendered home/index.html.erb within layouts/application (6.8ms)
Completed 200 OK in 495ms (Views: 224.2ms | ActiveRecord: 0.0ms)


Started GET "/home/update?utf8=%E2%9C%93&range%5Bstart_date%5D=07%2F02%2F2018&range%5Bend_date%5D=07%2F12%2F2018&commit=Aplicar" for 127.0.0.1 at 2018-07-12 17:28:11 -0400
Processing by HomeController#update as HTML
  Parameters: {"utf8"=>"✓", "range"=>{"start_date"=>"07/02/2018", "end_date"=>"07/12/2018"}, "commit"=>"Aplicar"}
  Rendering home/index.html.erb within layouts/application
  Rendered home/_date_form.html.erb (1.8ms)
  Rendered home/index.html.erb within layouts/application (5.1ms)
Completed 200 OK in 450ms (Views: 214.0ms | ActiveRecord: 0.0ms)


Started GET "/home/update?utf8=%E2%9C%93&range%5Bstart_date%5D=07%2F02%2F2018&range%5Bend_date%5D=07%2F12%2F2018&commit=Aplicar" for 127.0.0.1 at 2018-07-12 17:28:17 -0400
Processing by HomeController#update as HTML
  Parameters: {"utf8"=>"✓", "range"=>{"start_date"=>"07/02/2018", "end_date"=>"07/12/2018"}, "commit"=>"Aplicar"}
  Rendering home/index.html.erb within layouts/application
  Rendered home/_date_form.html.erb (2.9ms)
  Rendered home/index.html.erb within layouts/application (5.5ms)
Completed 200 OK in 508ms (Views: 181.6ms | ActiveRecord: 0.0ms)


Started GET "/home/update?utf8=%E2%9C%93&range%5Bstart_date%5D=07%2F02%2F2018&range%5Bend_date%5D=07%2F12%2F2018&commit=Aplicar" for 127.0.0.1 at 2018-07-12 17:28:20 -0400
Processing by HomeController#update as HTML
  Parameters: {"utf8"=>"✓", "range"=>{"start_date"=>"07/02/2018", "end_date"=>"07/12/2018"}, "commit"=>"Aplicar"}
  Rendering home/index.html.erb within layouts/application
  Rendered home/_date_form.html.erb (1.9ms)
  Rendered home/index.html.erb within layouts/application (3.8ms)
Completed 200 OK in 465ms (Views: 169.4ms | ActiveRecord: 0.0ms)


Started GET "/home/update?utf8=%E2%9C%93&range%5Bstart_date%5D=07%2F02%2F2018&range%5Bend_date%5D=07%2F12%2F2018&commit=Aplicar" for 127.0.0.1 at 2018-07-12 17:28:47 -0400
Processing by HomeController#update as HTML
  Parameters: {"utf8"=>"✓", "range"=>{"start_date"=>"07/02/2018", "end_date"=>"07/12/2018"}, "commit"=>"Aplicar"}
  Rendering home/index.html.erb within layouts/application
  Rendered home/_date_form.html.erb (4.4ms)
  Rendered home/index.html.erb within layouts/application (7.8ms)
Completed 200 OK in 490ms (Views: 171.7ms | ActiveRecord: 0.0ms)


Started GET "/home/update?utf8=%E2%9C%93&range%5Bstart_date%5D=03%2F25%2F2018&range%5Bend_date%5D=07%2F04%2F2018&commit=Aplicar" for 127.0.0.1 at 2018-07-12 17:29:11 -0400
Processing by HomeController#update as HTML
  Parameters: {"utf8"=>"✓", "range"=>{"start_date"=>"03/25/2018", "end_date"=>"07/04/2018"}, "commit"=>"Aplicar"}
  Rendering home/index.html.erb within layouts/application
  Rendered home/_date_form.html.erb (1.2ms)
  Rendered home/index.html.erb within layouts/application (2.8ms)
Completed 200 OK in 762ms (Views: 164.9ms | ActiveRecord: 0.0ms)


Started GET "/home/update?utf8=%E2%9C%93&range%5Bstart_date%5D=03%2F25%2F2018&range%5Bend_date%5D=07%2F04%2F2018&commit=Aplicar" for 127.0.0.1 at 2018-07-12 17:29:54 -0400
Processing by HomeController#update as HTML
  Parameters: {"utf8"=>"✓", "range"=>{"start_date"=>"03/25/2018", "end_date"=>"07/04/2018"}, "commit"=>"Aplicar"}
  Rendering home/index.html.erb within layouts/application
  Rendered home/_date_form.html.erb (1.1ms)
  Rendered home/index.html.erb within layouts/application (2.7ms)
Completed 200 OK in 1014ms (Views: 156.8ms | ActiveRecord: 0.0ms)


Started GET "/home/update?utf8=%E2%9C%93&range%5Bstart_date%5D=03%2F25%2F2018&range%5Bend_date%5D=07%2F04%2F2018&commit=Aplicar" for 127.0.0.1 at 2018-07-12 17:30:18 -0400
Processing by HomeController#update as HTML
  Parameters: {"utf8"=>"✓", "range"=>{"start_date"=>"03/25/2018", "end_date"=>"07/04/2018"}, "commit"=>"Aplicar"}
  Rendering home/index.html.erb within layouts/application
  Rendered home/_date_form.html.erb (4.6ms)
  Rendered home/index.html.erb within layouts/application (8.3ms)
Completed 200 OK in 518ms (Views: 219.6ms | ActiveRecord: 0.0ms)


Started GET "/home/update?utf8=%E2%9C%93&range%5Bstart_date%5D=03%2F25%2F2018&range%5Bend_date%5D=07%2F04%2F2018&commit=Aplicar" for 127.0.0.1 at 2018-07-12 17:31:02 -0400
Processing by HomeController#update as HTML
  Parameters: {"utf8"=>"✓", "range"=>{"start_date"=>"03/25/2018", "end_date"=>"07/04/2018"}, "commit"=>"Aplicar"}
  Rendering home/index.html.erb within layouts/application
  Rendered home/_date_form.html.erb (2.1ms)
  Rendered home/index.html.erb within layouts/application (6.0ms)
Completed 200 OK in 470ms (Views: 155.3ms | ActiveRecord: 0.0ms)


Started GET "/home/update?utf8=%E2%9C%93&range%5Bstart_date%5D=03%2F25%2F2018&range%5Bend_date%5D=07%2F04%2F2018&commit=Aplicar" for 127.0.0.1 at 2018-07-12 17:31:40 -0400
Processing by HomeController#update as HTML
  Parameters: {"utf8"=>"✓", "range"=>{"start_date"=>"03/25/2018", "end_date"=>"07/04/2018"}, "commit"=>"Aplicar"}
  Rendering home/index.html.erb within layouts/application
  Rendered home/_date_form.html.erb (2.1ms)
  Rendered home/index.html.erb within layouts/application (4.9ms)
Completed 200 OK in 483ms (Views: 206.0ms | ActiveRecord: 0.0ms)


Started GET "/home/update?utf8=%E2%9C%93&range%5Bstart_date%5D=03%2F25%2F2018&range%5Bend_date%5D=07%2F04%2F2018&commit=Aplicar" for 127.0.0.1 at 2018-07-12 17:31:47 -0400
Processing by HomeController#update as HTML
  Parameters: {"utf8"=>"✓", "range"=>{"start_date"=>"03/25/2018", "end_date"=>"07/04/2018"}, "commit"=>"Aplicar"}
  Rendering home/index.html.erb within layouts/application
  Rendered home/_date_form.html.erb (3.4ms)
  Rendered home/index.html.erb within layouts/application (9.2ms)
Completed 200 OK in 349ms (Views: 146.9ms | ActiveRecord: 0.0ms)


Started GET "/home/update?utf8=%E2%9C%93&range%5Bstart_date%5D=03%2F25%2F2018&range%5Bend_date%5D=07%2F04%2F2018&commit=Aplicar" for 127.0.0.1 at 2018-07-12 17:32:13 -0400
Processing by HomeController#update as HTML
  Parameters: {"utf8"=>"✓", "range"=>{"start_date"=>"03/25/2018", "end_date"=>"07/04/2018"}, "commit"=>"Aplicar"}
  Rendering home/index.html.erb within layouts/application
  Rendered home/_date_form.html.erb (0.9ms)
  Rendered home/index.html.erb within layouts/application (2.1ms)
Completed 200 OK in 354ms (Views: 133.4ms | ActiveRecord: 0.0ms)


Started GET "/home/update?utf8=%E2%9C%93&range%5Bstart_date%5D=03%2F25%2F2018&range%5Bend_date%5D=07%2F04%2F2018&commit=Aplicar" for 127.0.0.1 at 2018-07-12 17:32:18 -0400
Processing by HomeController#update as HTML
  Parameters: {"utf8"=>"✓", "range"=>{"start_date"=>"03/25/2018", "end_date"=>"07/04/2018"}, "commit"=>"Aplicar"}
  Rendering home/index.html.erb within layouts/application
  Rendered home/_date_form.html.erb (1.1ms)
  Rendered home/index.html.erb within layouts/application (3.0ms)
Completed 200 OK in 449ms (Views: 140.8ms | ActiveRecord: 0.0ms)


Started GET "/home/update?utf8=%E2%9C%93&range%5Bstart_date%5D=03%2F25%2F2018&range%5Bend_date%5D=07%2F04%2F2018&commit=Aplicar" for 127.0.0.1 at 2018-07-12 17:32:30 -0400
Processing by HomeController#update as HTML
  Parameters: {"utf8"=>"✓", "range"=>{"start_date"=>"03/25/2018", "end_date"=>"07/04/2018"}, "commit"=>"Aplicar"}
  Rendering home/index.html.erb within layouts/application
  Rendered home/_date_form.html.erb (1.0ms)
  Rendered home/index.html.erb within layouts/application (2.4ms)
Completed 200 OK in 524ms (Views: 206.6ms | ActiveRecord: 0.0ms)


Started GET "/home/update?utf8=%E2%9C%93&range%5Bstart_date%5D=03%2F25%2F2018&range%5Bend_date%5D=07%2F04%2F2018&commit=Aplicar" for 127.0.0.1 at 2018-07-12 17:32:46 -0400
Processing by HomeController#update as HTML
  Parameters: {"utf8"=>"✓", "range"=>{"start_date"=>"03/25/2018", "end_date"=>"07/04/2018"}, "commit"=>"Aplicar"}
  Rendering home/index.html.erb within layouts/application
  Rendered home/_date_form.html.erb (3.4ms)
  Rendered home/index.html.erb within layouts/application (7.2ms)
Completed 200 OK in 432ms (Views: 166.0ms | ActiveRecord: 0.0ms)


Started GET "/home/update?utf8=%E2%9C%93&range%5Bstart_date%5D=03%2F25%2F2018&range%5Bend_date%5D=07%2F04%2F2018&commit=Aplicar" for 127.0.0.1 at 2018-07-12 17:33:29 -0400
Processing by HomeController#update as HTML
  Parameters: {"utf8"=>"✓", "range"=>{"start_date"=>"03/25/2018", "end_date"=>"07/04/2018"}, "commit"=>"Aplicar"}
  Rendering home/index.html.erb within layouts/application
  Rendered home/_date_form.html.erb (1.2ms)
  Rendered home/index.html.erb within layouts/application (3.1ms)
Completed 200 OK in 561ms (Views: 241.5ms | ActiveRecord: 0.0ms)


Started GET "/" for 127.0.0.1 at 2018-07-12 17:33:43 -0400
Processing by HomeController#index as HTML
  Rendering home/index.html.erb within layouts/application
  Rendered home/_date_form.html.erb (1.6ms)
  Rendered home/index.html.erb within layouts/application (4.1ms)
Completed 200 OK in 1023ms (Views: 141.8ms | ActiveRecord: 0.0ms)


Started GET "/" for 127.0.0.1 at 2018-07-12 17:40:53 -0400
  [1m[35m (0.3ms)[0m  [1m[35mSET NAMES utf8,  @@SESSION.sql_mode = CONCAT(CONCAT(@@sql_mode, ',STRICT_ALL_TABLES'), ',NO_AUTO_VALUE_ON_ZERO'),  @@SESSION.sql_auto_is_null = 0, @@SESSION.wait_timeout = 2147483[0m
  ↳ /home/huarn/.rvm/gems/ruby-2.3.1@desafio-cumplo/gems/activerecord-5.2.0/lib/active_record/log_subscriber.rb:98
Processing by HomeController#index as HTML
  Rendering home/index.html.erb within layouts/application
  Rendered home/_date_form.html.erb (4.6ms)
  Rendered home/index.html.erb within layouts/application (7.0ms)
Completed 200 OK in 1041ms (Views: 433.9ms | ActiveRecord: 0.0ms)


Started GET "/" for 127.0.0.1 at 2018-07-12 17:40:59 -0400
  [1m[35m (0.3ms)[0m  [1m[35mSET NAMES utf8,  @@SESSION.sql_mode = CONCAT(CONCAT(@@sql_mode, ',STRICT_ALL_TABLES'), ',NO_AUTO_VALUE_ON_ZERO'),  @@SESSION.sql_auto_is_null = 0, @@SESSION.wait_timeout = 2147483[0m
  ↳ /home/huarn/.rvm/gems/ruby-2.3.1@desafio-cumplo/gems/activerecord-5.2.0/lib/active_record/log_subscriber.rb:98
Processing by HomeController#index as HTML
  Rendering home/index.html.erb within layouts/application
  Rendered home/_date_form.html.erb (5.2ms)
  Rendered home/index.html.erb within layouts/application (8.8ms)
Completed 200 OK in 664ms (Views: 199.0ms | ActiveRecord: 0.0ms)


Started GET "/" for 127.0.0.1 at 2018-07-12 17:41:35 -0400
Processing by HomeController#index as HTML
  Rendering home/index.html.erb within layouts/application
  Rendered home/_date_form.html.erb (2.5ms)
  Rendered home/index.html.erb within layouts/application (24.6ms)
Completed 500 Internal Server Error in 531ms (ActiveRecord: 0.0ms)


  
ActionView::Template::Error (undefined method `each' for nil:NilClass):
    38:           </tr>
    39:           </thead>
    40:           <tbody>
    41:           <% @usd_values.each do |day| %>
    42:               <tr>
    43:                 <td><%= day["Fecha"]%></td>
    44:                 <td><%= day["Valor"]%></td>
  
app/views/home/index.html.erb:41:in `_app_views_home_index_html_erb___2398368852735458866_51052360'
Started GET "/" for 127.0.0.1 at 2018-07-12 17:41:46 -0400
Processing by HomeController#index as HTML
  Rendering home/index.html.erb within layouts/application
  Rendered home/_date_form.html.erb (2.8ms)
  Rendered home/index.html.erb within layouts/application (8.7ms)
Completed 500 Internal Server Error in 2829ms (ActiveRecord: 0.0ms)


  
ActionView::Template::Error (undefined method `each' for nil:NilClass):
    38:           </tr>
    39:           </thead>
    40:           <tbody>
    41:           <% @usd_values.each do |day| %>
    42:               <tr>
    43:                 <td><%= day["Fecha"]%></td>
    44:                 <td><%= day["Valor"]%></td>
  
app/views/home/index.html.erb:41:in `_app_views_home_index_html_erb___2398368852735458866_69812133836480'
Started GET "/" for 127.0.0.1 at 2018-07-12 17:42:11 -0400
Processing by HomeController#index as HTML
  Rendering home/index.html.erb within layouts/application
  Rendered home/_date_form.html.erb (2.2ms)
  Rendered home/index.html.erb within layouts/application (4.4ms)
Completed 200 OK in 854ms (Views: 149.6ms | ActiveRecord: 0.0ms)


Started GET "/home/update?utf8=%E2%9C%93&range%5Bstart_date%5D=07%2F12%2F2018&range%5Bend_date%5D=07%2F12%2F2018&commit=Aplicar" for 127.0.0.1 at 2018-07-12 17:42:26 -0400
Processing by HomeController#update as HTML
  Parameters: {"utf8"=>"✓", "range"=>{"start_date"=>"07/12/2018", "end_date"=>"07/12/2018"}, "commit"=>"Aplicar"}
  Rendering home/index.html.erb within layouts/application
  Rendered home/_date_form.html.erb (2.9ms)
  Rendered home/index.html.erb within layouts/application (7.0ms)
Completed 500 Internal Server Error in 1756ms (ActiveRecord: 0.0ms)


  
ActionView::Template::Error (undefined method `each' for nil:NilClass):
    38:           </tr>
    39:           </thead>
    40:           <tbody>
    41:           <% @usd_values.each do |day| %>
    42:               <tr>
    43:                 <td><%= day["Fecha"]%></td>
    44:                 <td><%= day["Valor"]%></td>
  
app/views/home/index.html.erb:41:in `_app_views_home_index_html_erb___2398368852735458866_69812135810620'
app/controllers/home_controller.rb:18:in `update'
Started GET "/home/update?utf8=%E2%9C%93&range%5Bstart_date%5D=07%2F12%2F2018&range%5Bend_date%5D=07%2F12%2F2018&commit=Aplicar" for 127.0.0.1 at 2018-07-12 17:43:12 -0400
Processing by HomeController#update as HTML
  Parameters: {"utf8"=>"✓", "range"=>{"start_date"=>"07/12/2018", "end_date"=>"07/12/2018"}, "commit"=>"Aplicar"}
  Rendering home/index.html.erb within layouts/application
  Rendered home/_date_form.html.erb (1.2ms)
  Rendered home/index.html.erb within layouts/application (4.5ms)
Completed 500 Internal Server Error in 415ms (ActiveRecord: 0.0ms)


  
ActionView::Template::Error (undefined method `each' for nil:NilClass):
    38:           </tr>
    39:           </thead>
    40:           <tbody>
    41:           <% @usd_values.each do |day| %>
    42:               <tr>
    43:                 <td><%= day["Fecha"]%></td>
    44:                 <td><%= day["Valor"]%></td>
  
app/views/home/index.html.erb:41:in `_app_views_home_index_html_erb___2398368852735458866_69812077367580'
app/controllers/home_controller.rb:18:in `update'
Started GET "/" for 127.0.0.1 at 2018-07-12 17:43:52 -0400
Processing by HomeController#index as HTML
  Rendering home/index.html.erb within layouts/application
  Rendered home/_date_form.html.erb (2.6ms)
  Rendered home/index.html.erb within layouts/application (8.1ms)
Completed 500 Internal Server Error in 495ms (ActiveRecord: 0.0ms)


  
ActionView::Template::Error (undefined method `each' for nil:NilClass):
    39:             </tr>
    40:             </thead>
    41:             <tbody>
    42:             <% @usd_values.each do |day| %>
    43:                 <tr>
    44:                   <td><%= day["Fecha"]%></td>
    45:                   <td><%= day["Valor"]%></td>
  
app/views/home/index.html.erb:42:in `_app_views_home_index_html_erb___2398368852735458866_69812143608140'
Started GET "/" for 127.0.0.1 at 2018-07-12 17:47:39 -0400
Processing by HomeController#index as HTML
  Rendering home/index.html.erb within layouts/application
  Rendered home/_date_form.html.erb (1.2ms)
  Rendered home/index.html.erb within layouts/application (4.4ms)
Completed 500 Internal Server Error in 529ms (ActiveRecord: 0.0ms)


  
ActionView::Template::Error (undefined method `each' for nil:NilClass):
    39:             </tr>
    40:             </thead>
    41:             <tbody>
    42:             <% @usd_values.each do |day| %>
    43:                 <tr>
    44:                   <td><%= day["Fecha"]%></td>
    45:                   <td><%= day["Valor"]%></td>
  
app/views/home/index.html.erb:42:in `_app_views_home_index_html_erb___2398368852735458866_69812047806880'
Started GET "/" for 127.0.0.1 at 2018-07-12 17:47:56 -0400
Processing by HomeController#index as HTML
  Rendering home/index.html.erb within layouts/application
  Rendered home/_date_form.html.erb (1.5ms)
  Rendered home/index.html.erb within layouts/application (5.3ms)
Completed 500 Internal Server Error in 1684ms (ActiveRecord: 0.0ms)


  
ActionView::Template::Error (no implicit conversion of String into Integer):
    41:             <tbody>
    42:             <% @usd_values.each do |day| %>
    43:                 <tr>
    44:                   <td><%= day["Fecha"]%></td>
    45:                   <td><%= day["Valor"]%></td>
    46:                 </tr>
    47:             <% end %>
  
app/views/home/index.html.erb:44:in `[]'
app/views/home/index.html.erb:44:in `block in _app_views_home_index_html_erb___2398368852735458866_69812130886560'
app/views/home/index.html.erb:42:in `each'
app/views/home/index.html.erb:42:in `_app_views_home_index_html_erb___2398368852735458866_69812130886560'
Started GET "/" for 127.0.0.1 at 2018-07-12 17:48:14 -0400
Processing by HomeController#index as HTML
  Rendering home/index.html.erb within layouts/application
  Rendered home/_date_form.html.erb (2.0ms)
  Rendered home/index.html.erb within layouts/application (4.0ms)
Completed 200 OK in 609ms (Views: 154.7ms | ActiveRecord: 0.0ms)


Started GET "/home/update?utf8=%E2%9C%93&range%5Bstart_date%5D=07%2F01%2F2018&range%5Bend_date%5D=07%2F12%2F2018&commit=Aplicar" for 127.0.0.1 at 2018-07-12 17:48:43 -0400
Processing by HomeController#update as HTML
  Parameters: {"utf8"=>"✓", "range"=>{"start_date"=>"07/01/2018", "end_date"=>"07/12/2018"}, "commit"=>"Aplicar"}
  Rendering home/index.html.erb within layouts/application
  Rendered home/_date_form.html.erb (1.1ms)
  Rendered home/index.html.erb within layouts/application (2.4ms)
Completed 200 OK in 798ms (Views: 154.0ms | ActiveRecord: 0.0ms)


Started GET "/home/update?utf8=%E2%9C%93&range%5Bstart_date%5D=07%2F01%2F2018&range%5Bend_date%5D=07%2F12%2F2018&commit=Aplicar" for 127.0.0.1 at 2018-07-12 17:49:17 -0400
Processing by HomeController#update as HTML
  Parameters: {"utf8"=>"✓", "range"=>{"start_date"=>"07/01/2018", "end_date"=>"07/12/2018"}, "commit"=>"Aplicar"}
  Rendering home/index.html.erb within layouts/application
  Rendered home/_date_form.html.erb (1.2ms)
  Rendered home/index.html.erb within layouts/application (2.7ms)
Completed 200 OK in 1080ms (Views: 155.9ms | ActiveRecord: 0.0ms)


Started GET "/home/update?utf8=%E2%9C%93&range%5Bstart_date%5D=07%2F01%2F2018&range%5Bend_date%5D=07%2F12%2F2018&commit=Aplicar" for 127.0.0.1 at 2018-07-12 17:49:34 -0400
Processing by HomeController#update as HTML
  Parameters: {"utf8"=>"✓", "range"=>{"start_date"=>"07/01/2018", "end_date"=>"07/12/2018"}, "commit"=>"Aplicar"}
  Rendering home/index.html.erb within layouts/application
  Rendered home/_date_form.html.erb (2.2ms)
  Rendered home/index.html.erb within layouts/application (4.7ms)
Completed 200 OK in 1790ms (Views: 159.8ms | ActiveRecord: 0.0ms)


Started GET "/home/update?utf8=%E2%9C%93&range%5Bstart_date%5D=07%2F01%2F2018&range%5Bend_date%5D=07%2F12%2F2018&commit=Aplicar" for 127.0.0.1 at 2018-07-12 17:49:40 -0400
Processing by HomeController#update as HTML
  Parameters: {"utf8"=>"✓", "range"=>{"start_date"=>"07/01/2018", "end_date"=>"07/12/2018"}, "commit"=>"Aplicar"}
  Rendering home/index.html.erb within layouts/application
  Rendered home/_date_form.html.erb (2.7ms)
  Rendered home/index.html.erb within layouts/application (7.3ms)
Completed 200 OK in 721ms (Views: 147.9ms | ActiveRecord: 0.0ms)


Started GET "/home/update?utf8=%E2%9C%93&range%5Bstart_date%5D=07%2F01%2F2018&range%5Bend_date%5D=07%2F12%2F2018&commit=Aplicar" for 127.0.0.1 at 2018-07-12 17:49:50 -0400
Processing by HomeController#update as HTML
  Parameters: {"utf8"=>"✓", "range"=>{"start_date"=>"07/01/2018", "end_date"=>"07/12/2018"}, "commit"=>"Aplicar"}
  Rendering home/index.html.erb within layouts/application
  Rendered home/_date_form.html.erb (2.1ms)
  Rendered home/index.html.erb within layouts/application (4.6ms)
Completed 200 OK in 777ms (Views: 156.6ms | ActiveRecord: 0.0ms)


Started GET "/home/update?utf8=%E2%9C%93&range%5Bstart_date%5D=07%2F01%2F2018&range%5Bend_date%5D=07%2F12%2F2018&commit=Aplicar" for 127.0.0.1 at 2018-07-12 17:49:58 -0400
Processing by HomeController#update as HTML
  Parameters: {"utf8"=>"✓", "range"=>{"start_date"=>"07/01/2018", "end_date"=>"07/12/2018"}, "commit"=>"Aplicar"}
  Rendering home/index.html.erb within layouts/application
  Rendered home/_date_form.html.erb (3.3ms)
  Rendered home/index.html.erb within layouts/application (5.6ms)
Completed 200 OK in 727ms (Views: 165.4ms | ActiveRecord: 0.0ms)


Started GET "/home/update?utf8=%E2%9C%93&range%5Bstart_date%5D=07%2F01%2F2018&range%5Bend_date%5D=07%2F12%2F2018&commit=Aplicar" for 127.0.0.1 at 2018-07-12 17:52:42 -0400
Processing by HomeController#update as HTML
  Parameters: {"utf8"=>"✓", "range"=>{"start_date"=>"07/01/2018", "end_date"=>"07/12/2018"}, "commit"=>"Aplicar"}
  Rendering home/index.html.erb within layouts/application
  Rendered home/_date_form.html.erb (1.4ms)
  Rendered home/index.html.erb within layouts/application (3.3ms)
Completed 200 OK in 774ms (Views: 150.1ms | ActiveRecord: 0.0ms)


Started GET "/home/update?utf8=%E2%9C%93&range%5Bstart_date%5D=07%2F01%2F2018&range%5Bend_date%5D=07%2F12%2F2018&commit=Aplicar" for 127.0.0.1 at 2018-07-12 17:53:19 -0400
Processing by HomeController#update as HTML
  Parameters: {"utf8"=>"✓", "range"=>{"start_date"=>"07/01/2018", "end_date"=>"07/12/2018"}, "commit"=>"Aplicar"}
  Rendering home/index.html.erb within layouts/application
  Rendered home/_date_form.html.erb (1.2ms)
  Rendered home/index.html.erb within layouts/application (2.7ms)
Completed 200 OK in 1149ms (Views: 142.0ms | ActiveRecord: 0.0ms)


Started GET "/" for 127.0.0.1 at 2018-07-12 17:53:25 -0400
Processing by HomeController#index as HTML
  Rendering home/index.html.erb within layouts/application
  Rendered home/_date_form.html.erb (1.7ms)
  Rendered home/index.html.erb within layouts/application (3.6ms)
Completed 200 OK in 594ms (Views: 162.8ms | ActiveRecord: 0.0ms)


Started GET "/home/update?utf8=%E2%9C%93&range%5Bstart_date%5D=07%2F01%2F2018&range%5Bend_date%5D=07%2F12%2F2018&commit=Aplicar" for 127.0.0.1 at 2018-07-12 17:53:30 -0400
Processing by HomeController#update as HTML
  Parameters: {"utf8"=>"✓", "range"=>{"start_date"=>"07/01/2018", "end_date"=>"07/12/2018"}, "commit"=>"Aplicar"}
  Rendering home/index.html.erb within layouts/application
  Rendered home/_date_form.html.erb (0.9ms)
  Rendered home/index.html.erb within layouts/application (2.0ms)
Completed 200 OK in 655ms (Views: 162.8ms | ActiveRecord: 0.0ms)


